Log file open, 05/14/23 15:04:57
LogWindows: Failed to load 'aqProf.dll' (GetLastError=126)
LogWindows: File 'aqProf.dll' does not exist
LogWindows: Failed to load 'VtuneApi.dll' (GetLastError=126)
LogWindows: File 'VtuneApi.dll' does not exist
LogWindows: Failed to load 'VtuneApi32e.dll' (GetLastError=126)
LogWindows: File 'VtuneApi32e.dll' does not exist
LogConsoleResponse: Display: Failed to find resolution value strings in scalability ini. Falling back to default.
LogConsoleResponse: Display: Failed to find resolution value strings in scalability ini. Falling back to default.
LogInit: Display: Running engine for game: University
LogPlatformFile: Not using cached read wrapper
LogTaskGraph: Started task graph with 5 named threads and 14 total threads with 3 sets of task threads.
LogStats: Stats thread started at 0.503005
LogICUInternationalization: ICU TimeZone Detection - Raw Offset: -8:00, Platform Override: ''
LogInit: Display: Loading text-based GConfig....
LogPluginManager: Mounting plugin MeshPainting
LogPluginManager: Mounting plugin XGEController
LogPluginManager: Mounting plugin Paper2D
LogPluginManager: Mounting plugin LiveLink
LogPluginManager: Mounting plugin AISupport
LogPluginManager: Mounting plugin EnvironmentQueryEditor
LogPluginManager: Mounting plugin CameraShakePreviewer
LogPluginManager: Mounting plugin GameplayCameras
LogPluginManager: Mounting plugin OodleData
LogPluginManager: Mounting plugin AnimationSharing
LogPluginManager: Mounting plugin CLionSourceCodeAccess
LogPluginManager: Mounting plugin CodeLiteSourceCodeAccess
LogPluginManager: Mounting plugin GitSourceControl
LogPluginManager: Mounting plugin KDevelopSourceCodeAccess
LogPluginManager: Mounting plugin NullSourceCodeAccess
LogPluginManager: Mounting plugin PerforceSourceControl
LogPluginManager: Mounting plugin PixWinPlugin
LogPluginManager: Mounting plugin PlasticSourceControl
LogPluginManager: Mounting plugin PluginUtils
LogPluginManager: Mounting plugin PropertyAccessNode
LogPluginManager: Mounting plugin RiderSourceCodeAccess
LogPluginManager: Mounting plugin SubversionSourceControl
LogPluginManager: Mounting plugin TextureFormatOodle
LogPluginManager: Mounting plugin UObjectPlugin
LogPluginManager: Mounting plugin VisualStudioCodeSourceCodeAccess
LogPluginManager: Mounting plugin VisualStudioSourceCodeAccess
LogPluginManager: Mounting plugin XCodeSourceCodeAccess
LogPluginManager: Mounting plugin AssetManagerEditor
LogPluginManager: Mounting plugin DatasmithContent
LogPluginManager: Mounting plugin CryptoKeys
LogPluginManager: Mounting plugin CurveEditorTools
LogPluginManager: Mounting plugin DataValidation
LogPluginManager: Mounting plugin FacialAnimation
LogPluginManager: Mounting plugin GeometryMode
LogPluginManager: Mounting plugin MacGraphicsSwitching
LogPluginManager: Mounting plugin MaterialAnalyzer
LogPluginManager: Mounting plugin PluginBrowser
LogPluginManager: Mounting plugin MobileLauncherProfileWizard
LogPluginManager: Mounting plugin SpeedTreeImporter
LogPluginManager: Mounting plugin VariantManagerContent
LogPluginManager: Mounting plugin AlembicImporter
LogPluginManager: Mounting plugin AutomationUtils
LogPluginManager: Mounting plugin BackChannel
LogPluginManager: Mounting plugin ChaosCloth
LogPluginManager: Mounting plugin ChaosClothEditor
LogPluginManager: Mounting plugin ChaosEditor
LogPluginManager: Mounting plugin ChaosNiagara
LogPluginManager: Mounting plugin ChaosSolverPlugin
LogPluginManager: Mounting plugin CharacterAI
LogPluginManager: Mounting plugin GeometryCache
LogPluginManager: Mounting plugin GeometryCollectionPlugin
LogPluginManager: Mounting plugin GeometryProcessing
LogPluginManager: Mounting plugin MotoSynth
LogPluginManager: Mounting plugin OpenImageDenoise
LogPluginManager: Mounting plugin PlanarCut
LogPluginManager: Mounting plugin PlatformCrypto
LogPluginManager: Mounting plugin ProxyLODPlugin
LogPluginManager: Mounting plugin PythonScriptPlugin
LogPluginManager: Mounting plugin SkeletalReduction
LogPluginManager: Mounting plugin Niagara
LogPluginManager: Mounting plugin LuminPlatformFeatures
LogPluginManager: Mounting plugin MagicLeap
LogPluginManager: Mounting plugin MagicLeapLightEstimation
LogPluginManager: Mounting plugin MagicLeapMedia
LogPluginManager: Mounting plugin MagicLeapPassableWorld
LogPluginManager: Mounting plugin MLSDK
LogPluginManager: Mounting plugin AndroidMedia
LogPluginManager: Mounting plugin AvfMedia
LogPluginManager: Mounting plugin ImgMedia
LogPluginManager: Mounting plugin MediaCompositing
LogPluginManager: Mounting plugin MediaPlayerEditor
LogPluginManager: Mounting plugin WebMMedia
LogPluginManager: Mounting plugin WmfMedia
LogPluginManager: Mounting plugin TcpMessaging
LogPluginManager: Mounting plugin UdpMessaging
LogPluginManager: Mounting plugin ActorSequence
LogPluginManager: Mounting plugin LevelSequenceEditor
LogPluginManager: Mounting plugin MatineeToLevelSequence
LogPluginManager: Mounting plugin TemplateSequence
LogPluginManager: Mounting plugin GameplayTagsEditor
LogPluginManager: Mounting plugin OnlineSubsystem
LogPluginManager: Mounting plugin OnlineSubsystemNull
LogPluginManager: Mounting plugin OnlineSubsystemUtils
LogPluginManager: Mounting plugin LauncherChunkInstaller
LogPluginManager: Mounting plugin ActorLayerUtilities
LogPluginManager: Mounting plugin AndroidDeviceProfileSelector
LogPluginManager: Mounting plugin AndroidMoviePlayer
LogPluginManager: Mounting plugin AndroidPermission
LogPluginManager: Mounting plugin AppleImageUtils
LogPluginManager: Mounting plugin AppleMoviePlayer
LogPluginManager: Mounting plugin ArchVisCharacter
LogPluginManager: Mounting plugin AssetTags
LogPluginManager: Mounting plugin AudioCapture
LogPluginManager: Mounting plugin AudioSynesthesia
LogPluginManager: Mounting plugin ChunkDownloader
LogPluginManager: Mounting plugin CableComponent
LogPluginManager: Mounting plugin CustomMeshComponent
LogPluginManager: Mounting plugin EditableMesh
LogPluginManager: Mounting plugin ExampleDeviceProfileSelector
LogPluginManager: Mounting plugin GoogleCloudMessaging
LogPluginManager: Mounting plugin GooglePAD
LogPluginManager: Mounting plugin IOSDeviceProfileSelector
LogPluginManager: Mounting plugin LinuxDeviceProfileSelector
LogPluginManager: Mounting plugin LocationServicesBPLibrary
LogPluginManager: Mounting plugin MobilePatchingUtils
LogPluginManager: Mounting plugin OpenXR
LogPluginManager: Mounting plugin OpenXREyeTracker
LogPluginManager: Mounting plugin OpenXRHandTracking
LogPluginManager: Mounting plugin PhysXVehicles
LogPluginManager: Mounting plugin PostSplashScreen
LogPluginManager: Mounting plugin PropertyAccessEditor
LogPluginManager: Mounting plugin ProceduralMeshComponent
LogPluginManager: Mounting plugin RuntimePhysXCooking
LogPluginManager: Mounting plugin SignificanceManager
LogPluginManager: Mounting plugin SoundFields
LogPluginManager: Mounting plugin Synthesis
LogPluginManager: Mounting plugin WebMMoviePlayer
LogPluginManager: Mounting plugin WindowsMoviePlayer
LogPluginManager: Mounting plugin ScreenshotTools
LogPluginManager: Mounting plugin Takes
LogPluginManager: Mounting plugin LightPropagationVolume
LogPluginManager: Mounting plugin OodleNetwork
LogPluginManager: Mounting plugin ContentBrowserAssetDataSource
LogPluginManager: Mounting plugin ContentBrowserClassDataSource
LogPluginManager: Mounting plugin ContentBrowserFileDataSource
LogPluginManager: Mounting plugin OnlineSubsystemGooglePlay
LogPluginManager: Mounting plugin OnlineSubsystemIOS
LogPluginManager: Mounting plugin OculusVR
LogPluginManager: Mounting plugin SteamVR
PixWinPlugin: PIX capture plugin failed to initialize! Check that the process is launched from PIX.
LogInit: Using libcurl 7.55.1-DEV
LogInit:  - built for x86_64-pc-win32
LogInit:  - supports SSL with OpenSSL/1.1.1
LogInit:  - supports HTTP deflate (compression) using libz 1.2.8
LogInit:  - other features:
LogInit:      CURL_VERSION_SSL
LogInit:      CURL_VERSION_LIBZ
LogInit:      CURL_VERSION_IPV6
LogInit:      CURL_VERSION_ASYNCHDNS
LogInit:      CURL_VERSION_LARGEFILE
LogInit:      CURL_VERSION_IDN
LogInit:  CurlRequestOptions (configurable via config and command line):
LogInit:  - bVerifyPeer = true  - Libcurl will verify peer certificate
LogInit:  - bUseHttpProxy = false  - Libcurl will NOT use HTTP proxy
LogInit:  - bDontReuseConnections = false  - Libcurl will reuse connections
LogInit:  - MaxHostConnections = 16  - Libcurl will limit the number of connections to a host
LogInit:  - LocalHostAddr = Default
LogInit:  - BufferSize = 65536
LogOnline: OSS: Creating online subsystem instance for: NULL
LogInit: WinSock: version 1.1 (2.2), MaxSocks=32767, MaxUdp=65467
LogOnline: OSS: TryLoadSubsystemAndSetDefault: Loaded subsystem for module [NULL]
LogOculusPluginWrapper: OculusPlugin initialized successfully
LogHMD: Failed initializing OVRPlugin 1.59.0
LogInit: Build: ++UE4+Release-4.27-CL-18319896
LogInit: Engine Version: 4.27.2-18319896+++UE4+Release-4.27
LogInit: Compatible Engine Version: 4.27.0-17155196+++UE4+Release-4.27
LogInit: Net CL: 17155196
LogInit: OS: Windows 10 (Release 2009) (), CPU: AMD FX-9830P RADEON R7, 12 COMPUTE CORES 4C+8G , GPU: AMD Radeon R7 Graphics
LogInit: Compiled (64-bit): Nov 30 2021 07:12:08
LogInit: Compiled with Visual C++: 19.24.28315.00
LogInit: Build Configuration: Development
LogInit: Branch Name: ++UE4+Release-4.27
LogInit: Command Line: 
LogInit: Base Directory: A:/APPS/unreal4.27/UE_4.27/Engine/Binaries/Win64/
LogInit: Allocator: TBB
LogInit: Installed Engine Build: 1
LogDevObjectVersion: Number of dev versions registered: 29
LogDevObjectVersion:   Dev-Blueprints (B0D832E4-1F89-4F0D-ACCF-7EB736FD4AA2): 10
LogDevObjectVersion:   Dev-Build (E1C64328-A22C-4D53-A36C-8E866417BD8C): 0
LogDevObjectVersion:   Dev-Core (375EC13C-06E4-48FB-B500-84F0262A717E): 4
LogDevObjectVersion:   Dev-Editor (E4B068ED-F494-42E9-A231-DA0B2E46BB41): 40
LogDevObjectVersion:   Dev-Framework (CFFC743F-43B0-4480-9391-14DF171D2073): 37
LogDevObjectVersion:   Dev-Mobile (B02B49B5-BB20-44E9-A304-32B752E40360): 3
LogDevObjectVersion:   Dev-Networking (A4E4105C-59A1-49B5-A7C5-40C4547EDFEE): 0
LogDevObjectVersion:   Dev-Online (39C831C9-5AE6-47DC-9A44-9C173E1C8E7C): 0
LogDevObjectVersion:   Dev-Physics (78F01B33-EBEA-4F98-B9B4-84EACCB95AA2): 14
LogDevObjectVersion:   Dev-Platform (6631380F-2D4D-43E0-8009-CF276956A95A): 0
LogDevObjectVersion:   Dev-Rendering (12F88B9F-8875-4AFC-A67C-D90C383ABD29): 45
LogDevObjectVersion:   Dev-Sequencer (7B5AE74C-D270-4C10-A958-57980B212A5A): 13
LogDevObjectVersion:   Dev-VR (D7296918-1DD6-4BDD-9DE2-64A83CC13884): 3
LogDevObjectVersion:   Dev-LoadTimes (C2A15278-BFE7-4AFE-6C17-90FF531DF755): 1
LogDevObjectVersion:   Private-Geometry (6EACA3D4-40EC-4CC1-B786-8BED09428FC5): 3
LogDevObjectVersion:   Dev-AnimPhys (29E575DD-E0A3-4627-9D10-D276232CDCEA): 17
LogDevObjectVersion:   Dev-Anim (AF43A65D-7FD3-4947-9873-3E8ED9C1BB05): 15
LogDevObjectVersion:   Dev-ReflectionCapture (6B266CEC-1EC7-4B8F-A30B-E4D90942FC07): 1
LogDevObjectVersion:   Dev-Automation (0DF73D61-A23F-47EA-B727-89E90C41499A): 1
LogDevObjectVersion:   FortniteMain (601D1886-AC64-4F84-AA16-D3DE0DEAC7D6): 47
LogDevObjectVersion:   FortniteRelease (E7086368-6B23-4C58-8439-1B7016265E91): 1
LogDevObjectVersion:   Dev-Enterprise (9DFFBCD6-494F-0158-E221-12823C92A888): 10
LogDevObjectVersion:   Dev-Niagara (F2AED0AC-9AFE-416F-8664-AA7FFA26D6FC): 1
LogDevObjectVersion:   Dev-Destruction (174F1F0B-B4C6-45A5-B13F-2EE8D0FB917D): 10
LogDevObjectVersion:   Dev-Physics-Ext (35F94A83-E258-406C-A318-09F59610247C): 41
LogDevObjectVersion:   Dev-PhysicsMaterial-Chaos (B68FC16E-8B1B-42E2-B453-215C058844FE): 1
LogDevObjectVersion:   Dev-CineCamera (B2E18506-4273-CFC2-A54E-F4BB758BBA07): 1
LogDevObjectVersion:   Dev-VirtualProduction (64F58936-FD1B-42BA-BA96-7289D5D0FA4E): 1
LogDevObjectVersion:   Dev-MediaFramework (6F0ED827-A609-4895-9C91-998D90180EA4): 2
LogInit: Presizing for max 25165824 objects, including 0 objects not considered by GC, pre-allocating 0 bytes for permanent pool.
LogConfig: Applying CVar settings from Section [/Script/Engine.StreamingSettings] File [A:/ProjectAA/Pioneers/University 4.27/Saved/Config/Windows/Engine.ini]
LogConfig: Setting CVar [[s.MinBulkDataSizeForAsyncLoading:131072]]
LogConfig: Setting CVar [[s.AsyncLoadingThreadEnabled:0]]
LogConfig: Setting CVar [[s.EventDrivenLoaderEnabled:1]]
LogConfig: Setting CVar [[s.WarnIfTimeLimitExceeded:0]]
LogConfig: Setting CVar [[s.TimeLimitExceededMultiplier:1.5]]
LogConfig: Setting CVar [[s.TimeLimitExceededMinTime:0.005]]
LogConfig: Setting CVar [[s.UseBackgroundLevelStreaming:1]]
LogConfig: Setting CVar [[s.PriorityAsyncLoadingExtraTime:15.0]]
LogConfig: Setting CVar [[s.LevelStreamingActorsUpdateTimeLimit:5.0]]
LogConfig: Setting CVar [[s.PriorityLevelStreamingActorsUpdateExtraTime:5.0]]
LogConfig: Setting CVar [[s.LevelStreamingComponentsRegistrationGranularity:10]]
LogConfig: Setting CVar [[s.UnregisterComponentsTimeLimit:1.0]]
LogConfig: Setting CVar [[s.LevelStreamingComponentsUnregistrationGranularity:5]]
LogConfig: Setting CVar [[s.FlushStreamingOnExit:1]]
LogInit: Object subsystem initialized
LogConfig: Setting CVar [[con.DebugEarlyDefault:1]]
LogConfig: Setting CVar [[r.setres:1280x720]]
[2023.05.14-22.04.58:352][  0]LogConfig: Setting CVar [[r.VSync:0]]
[2023.05.14-22.04.58:352][  0]LogConfig: Setting CVar [[r.RHICmdBypass:0]]
[2023.05.14-22.04.58:352][  0]LogConfig: Applying CVar settings from Section [/Script/Engine.RendererSettings] File [A:/ProjectAA/Pioneers/University 4.27/Saved/Config/Windows/Engine.ini]
[2023.05.14-22.04.58:352][  0]LogConfig: Setting CVar [[r.GPUCrashDebugging:0]]
[2023.05.14-22.04.58:352][  0]LogConfig: Setting CVar [[r.DefaultFeature.MotionBlur:0]]
[2023.05.14-22.04.58:352][  0]LogConfig: Applying CVar settings from Section [/Script/Engine.RendererOverrideSettings] File [A:/ProjectAA/Pioneers/University 4.27/Saved/Config/Windows/Engine.ini]
[2023.05.14-22.04.58:352][  0]LogConfig: Applying CVar settings from Section [/Script/Engine.StreamingSettings] File [A:/ProjectAA/Pioneers/University 4.27/Saved/Config/Windows/Engine.ini]
[2023.05.14-22.04.58:352][  0]LogConfig: Setting CVar [[s.MinBulkDataSizeForAsyncLoading:131072]]
[2023.05.14-22.04.58:352][  0]LogConfig: Setting CVar [[s.AsyncLoadingThreadEnabled:0]]
[2023.05.14-22.04.58:352][  0]LogConfig: Setting CVar [[s.EventDrivenLoaderEnabled:1]]
[2023.05.14-22.04.58:352][  0]LogConfig: Setting CVar [[s.WarnIfTimeLimitExceeded:0]]
[2023.05.14-22.04.58:352][  0]LogConfig: Setting CVar [[s.TimeLimitExceededMultiplier:1.5]]
[2023.05.14-22.04.58:352][  0]LogConfig: Setting CVar [[s.TimeLimitExceededMinTime:0.005]]
[2023.05.14-22.04.58:352][  0]LogConfig: Setting CVar [[s.UseBackgroundLevelStreaming:1]]
[2023.05.14-22.04.58:352][  0]LogConfig: Setting CVar [[s.PriorityAsyncLoadingExtraTime:15.0]]
[2023.05.14-22.04.58:352][  0]LogConfig: Setting CVar [[s.LevelStreamingActorsUpdateTimeLimit:5.0]]
[2023.05.14-22.04.58:352][  0]LogConfig: Setting CVar [[s.PriorityLevelStreamingActorsUpdateExtraTime:5.0]]
[2023.05.14-22.04.58:352][  0]LogConfig: Setting CVar [[s.LevelStreamingComponentsRegistrationGranularity:10]]
[2023.05.14-22.04.58:352][  0]LogConfig: Setting CVar [[s.UnregisterComponentsTimeLimit:1.0]]
[2023.05.14-22.04.58:352][  0]LogConfig: Setting CVar [[s.LevelStreamingComponentsUnregistrationGranularity:5]]
[2023.05.14-22.04.58:352][  0]LogConfig: Setting CVar [[s.FlushStreamingOnExit:1]]
[2023.05.14-22.04.58:352][  0]LogConfig: Applying CVar settings from Section [/Script/Engine.GarbageCollectionSettings] File [A:/ProjectAA/Pioneers/University 4.27/Saved/Config/Windows/Engine.ini]
[2023.05.14-22.04.58:352][  0]LogConfig: Setting CVar [[gc.MaxObjectsNotConsideredByGC:1]]
[2023.05.14-22.04.58:352][  0]LogConfig: Setting CVar [[gc.SizeOfPermanentObjectPool:0]]
[2023.05.14-22.04.58:352][  0]LogConfig: Setting CVar [[gc.FlushStreamingOnGC:0]]
[2023.05.14-22.04.58:352][  0]LogConfig: Setting CVar [[gc.NumRetriesBeforeForcingGC:10]]
[2023.05.14-22.04.58:352][  0]LogConfig: Setting CVar [[gc.AllowParallelGC:1]]
[2023.05.14-22.04.58:352][  0]LogConfig: Setting CVar [[gc.TimeBetweenPurgingPendingKillObjects:61.1]]
[2023.05.14-22.04.58:352][  0]LogConfig: Setting CVar [[gc.MaxObjectsInEditor:25165824]]
[2023.05.14-22.04.58:352][  0]LogConfig: Setting CVar [[gc.IncrementalBeginDestroyEnabled:1]]
[2023.05.14-22.04.58:352][  0]LogConfig: Setting CVar [[gc.CreateGCClusters:1]]
[2023.05.14-22.04.58:352][  0]LogConfig: Setting CVar [[gc.MinGCClusterSize:5]]
[2023.05.14-22.04.58:352][  0]LogConfig: Setting CVar [[gc.ActorClusteringEnabled:0]]
[2023.05.14-22.04.58:352][  0]LogConfig: Setting CVar [[gc.BlueprintClusteringEnabled:0]]
[2023.05.14-22.04.58:352][  0]LogConfig: Setting CVar [[gc.UseDisregardForGCOnDedicatedServers:0]]
[2023.05.14-22.04.58:353][  0]LogConfig: Setting CVar [[gc.MultithreadedDestructionEnabled:1]]
[2023.05.14-22.04.58:353][  0]LogConfig: Applying CVar settings from Section [/Script/Engine.NetworkSettings] File [A:/ProjectAA/Pioneers/University 4.27/Saved/Config/Windows/Engine.ini]
[2023.05.14-22.04.58:353][  0]LogConfig: Applying CVar settings from Section [/Script/UnrealEd.CookerSettings] File [A:/ProjectAA/Pioneers/University 4.27/Saved/Config/Windows/Engine.ini]
[2023.05.14-22.04.58:360][  0]LogConfig: Applying CVar settings from Section [ViewDistanceQuality@3] File [A:/ProjectAA/Pioneers/University 4.27/Saved/Config/Windows/Scalability.ini]
[2023.05.14-22.04.58:360][  0]LogConfig: Setting CVar [[r.SkeletalMeshLODBias:0]]
[2023.05.14-22.04.58:360][  0]LogConfig: Setting CVar [[r.ViewDistanceScale:1.0]]
[2023.05.14-22.04.58:360][  0]LogConfig: Applying CVar settings from Section [AntiAliasingQuality@3] File [A:/ProjectAA/Pioneers/University 4.27/Saved/Config/Windows/Scalability.ini]
[2023.05.14-22.04.58:360][  0]LogConfig: Setting CVar [[r.PostProcessAAQuality:4]]
[2023.05.14-22.04.58:360][  0]LogConfig: Applying CVar settings from Section [ShadowQuality@3] File [A:/ProjectAA/Pioneers/University 4.27/Saved/Config/Windows/Scalability.ini]
[2023.05.14-22.04.58:360][  0]LogConfig: Setting CVar [[r.LightFunctionQuality:1]]
[2023.05.14-22.04.58:360][  0]LogConfig: Setting CVar [[r.ShadowQuality:5]]
[2023.05.14-22.04.58:360][  0]LogConfig: Setting CVar [[r.Shadow.CSM.MaxCascades:10]]
[2023.05.14-22.04.58:360][  0]LogConfig: Setting CVar [[r.Shadow.MaxResolution:2048]]
[2023.05.14-22.04.58:360][  0]LogConfig: Setting CVar [[r.Shadow.MaxCSMResolution:2048]]
[2023.05.14-22.04.58:360][  0]LogConfig: Setting CVar [[r.Shadow.RadiusThreshold:0.01]]
[2023.05.14-22.04.58:360][  0]LogConfig: Setting CVar [[r.Shadow.DistanceScale:1.0]]
[2023.05.14-22.04.58:360][  0]LogConfig: Setting CVar [[r.Shadow.CSM.TransitionScale:1.0]]
[2023.05.14-22.04.58:360][  0]LogConfig: Setting CVar [[r.Shadow.PreShadowResolutionFactor:1.0]]
[2023.05.14-22.04.58:360][  0]LogConfig: Setting CVar [[r.DistanceFieldShadowing:1]]
[2023.05.14-22.04.58:360][  0]LogConfig: Setting CVar [[r.DistanceFieldAO:1]]
[2023.05.14-22.04.58:360][  0]LogConfig: Setting CVar [[r.AOQuality:2]]
[2023.05.14-22.04.58:360][  0]LogConfig: Setting CVar [[r.VolumetricFog:1]]
[2023.05.14-22.04.58:360][  0]LogConfig: Setting CVar [[r.VolumetricFog.GridPixelSize:8]]
[2023.05.14-22.04.58:360][  0]LogConfig: Setting CVar [[r.VolumetricFog.GridSizeZ:128]]
[2023.05.14-22.04.58:361][  0]LogConfig: Setting CVar [[r.VolumetricFog.HistoryMissSupersampleCount:4]]
[2023.05.14-22.04.58:361][  0]LogConfig: Setting CVar [[r.LightMaxDrawDistanceScale:1]]
[2023.05.14-22.04.58:361][  0]LogConfig: Setting CVar [[r.CapsuleShadows:1]]
[2023.05.14-22.04.58:361][  0]LogConfig: Applying CVar settings from Section [PostProcessQuality@3] File [A:/ProjectAA/Pioneers/University 4.27/Saved/Config/Windows/Scalability.ini]
[2023.05.14-22.04.58:361][  0]LogConfig: Setting CVar [[r.MotionBlurQuality:4]]
[2023.05.14-22.04.58:361][  0]LogConfig: Setting CVar [[r.AmbientOcclusionMipLevelFactor:0.4]]
[2023.05.14-22.04.58:361][  0]LogConfig: Setting CVar [[r.AmbientOcclusionMaxQuality:100]]
[2023.05.14-22.04.58:361][  0]LogConfig: Setting CVar [[r.AmbientOcclusionLevels:-1]]
[2023.05.14-22.04.58:361][  0]LogConfig: Setting CVar [[r.AmbientOcclusionRadiusScale:1.0]]
[2023.05.14-22.04.58:361][  0]LogConfig: Setting CVar [[r.DepthOfFieldQuality:2]]
[2023.05.14-22.04.58:361][  0]LogConfig: Setting CVar [[r.RenderTargetPoolMin:400]]
[2023.05.14-22.04.58:361][  0]LogConfig: Setting CVar [[r.LensFlareQuality:2]]
[2023.05.14-22.04.58:361][  0]LogConfig: Setting CVar [[r.SceneColorFringeQuality:1]]
[2023.05.14-22.04.58:361][  0]LogConfig: Setting CVar [[r.EyeAdaptationQuality:2]]
[2023.05.14-22.04.58:361][  0]LogConfig: Setting CVar [[r.BloomQuality:5]]
[2023.05.14-22.04.58:361][  0]LogConfig: Setting CVar [[r.FastBlurThreshold:100]]
[2023.05.14-22.04.58:361][  0]LogConfig: Setting CVar [[r.Upscale.Quality:3]]
[2023.05.14-22.04.58:361][  0]LogConfig: Setting CVar [[r.Tonemapper.GrainQuantization:1]]
[2023.05.14-22.04.58:361][  0]LogConfig: Setting CVar [[r.LightShaftQuality:1]]
[2023.05.14-22.04.58:361][  0]LogConfig: Setting CVar [[r.Filter.SizeScale:1]]
[2023.05.14-22.04.58:361][  0]LogConfig: Setting CVar [[r.Tonemapper.Quality:5]]
[2023.05.14-22.04.58:361][  0]LogConfig: Setting CVar [[r.DOF.Gather.AccumulatorQuality:1        ; higher gathering accumulator quality]]
[2023.05.14-22.04.58:361][  0]LogConfig: Setting CVar [[r.DOF.Gather.PostfilterMethod:1          ; Median3x3 postfilering method]]
[2023.05.14-22.04.58:361][  0]LogConfig: Setting CVar [[r.DOF.Gather.EnableBokehSettings:0       ; no bokeh simulation when gathering]]
[2023.05.14-22.04.58:361][  0]LogConfig: Setting CVar [[r.DOF.Gather.RingCount:4                 ; medium number of samples when gathering]]
[2023.05.14-22.04.58:361][  0]LogConfig: Setting CVar [[r.DOF.Scatter.ForegroundCompositing:1    ; additive foreground scattering]]
[2023.05.14-22.04.58:361][  0]LogConfig: Setting CVar [[r.DOF.Scatter.BackgroundCompositing:2    ; additive background scattering]]
[2023.05.14-22.04.58:361][  0]LogConfig: Setting CVar [[r.DOF.Scatter.EnableBokehSettings:1      ; bokeh simulation when scattering]]
[2023.05.14-22.04.58:361][  0]LogConfig: Setting CVar [[r.DOF.Scatter.MaxSpriteRatio:0.1         ; only a maximum of 10% of scattered bokeh]]
[2023.05.14-22.04.58:361][  0]LogConfig: Setting CVar [[r.DOF.Recombine.Quality:1                ; cheap slight out of focus]]
[2023.05.14-22.04.58:361][  0]LogConfig: Setting CVar [[r.DOF.Recombine.EnableBokehSettings:0    ; no bokeh simulation on slight out of focus]]
[2023.05.14-22.04.58:361][  0]LogConfig: Setting CVar [[r.DOF.TemporalAAQuality:1                ; more stable temporal accumulation]]
[2023.05.14-22.04.58:361][  0]LogConfig: Setting CVar [[r.DOF.Kernel.MaxForegroundRadius:0.025]]
[2023.05.14-22.04.58:361][  0]LogConfig: Setting CVar [[r.DOF.Kernel.MaxBackgroundRadius:0.025]]
[2023.05.14-22.04.58:361][  0]LogConfig: Applying CVar settings from Section [TextureQuality@3] File [A:/ProjectAA/Pioneers/University 4.27/Saved/Config/Windows/Scalability.ini]
[2023.05.14-22.04.58:361][  0]LogConfig: Setting CVar [[r.Streaming.MipBias:0]]
[2023.05.14-22.04.58:361][  0]LogConfig: Setting CVar [[r.Streaming.AmortizeCPUToGPUCopy:0]]
[2023.05.14-22.04.58:361][  0]LogConfig: Setting CVar [[r.Streaming.MaxNumTexturesToStreamPerFrame:0]]
[2023.05.14-22.04.58:361][  0]LogConfig: Setting CVar [[r.Streaming.Boost:1]]
[2023.05.14-22.04.58:361][  0]LogConfig: Setting CVar [[r.MaxAnisotropy:8]]
[2023.05.14-22.04.58:361][  0]LogConfig: Setting CVar [[r.VT.MaxAnisotropy:8]]
[2023.05.14-22.04.58:361][  0]LogConfig: Setting CVar [[r.Streaming.LimitPoolSizeToVRAM:0]]
[2023.05.14-22.04.58:361][  0]LogConfig: Setting CVar [[r.Streaming.PoolSize:1000]]
[2023.05.14-22.04.58:361][  0]LogConfig: Setting CVar [[r.Streaming.MaxEffectiveScreenSize:0]]
[2023.05.14-22.04.58:361][  0]LogConfig: Applying CVar settings from Section [EffectsQuality@3] File [A:/ProjectAA/Pioneers/University 4.27/Saved/Config/Windows/Scalability.ini]
[2023.05.14-22.04.58:361][  0]LogConfig: Setting CVar [[r.TranslucencyLightingVolumeDim:64]]
[2023.05.14-22.04.58:361][  0]LogConfig: Setting CVar [[r.RefractionQuality:2]]
[2023.05.14-22.04.58:362][  0]LogConfig: Setting CVar [[r.SSR.Quality:3]]
[2023.05.14-22.04.58:362][  0]LogConfig: Setting CVar [[r.SSR.HalfResSceneColor:0]]
[2023.05.14-22.04.58:362][  0]LogConfig: Setting CVar [[r.SceneColorFormat:4]]
[2023.05.14-22.04.58:362][  0]LogConfig: Setting CVar [[r.DetailMode:2]]
[2023.05.14-22.04.58:362][  0]LogConfig: Setting CVar [[r.TranslucencyVolumeBlur:1]]
[2023.05.14-22.04.58:362][  0]LogConfig: Setting CVar [[r.MaterialQualityLevel:1 ; High quality]]
[2023.05.14-22.04.58:362][  0]LogConfig: Setting CVar [[r.AnisotropicMaterials:1]]
[2023.05.14-22.04.58:362][  0]LogConfig: Setting CVar [[r.SSS.Scale:1]]
[2023.05.14-22.04.58:362][  0]LogConfig: Setting CVar [[r.SSS.SampleSet:2]]
[2023.05.14-22.04.58:362][  0]LogConfig: Setting CVar [[r.SSS.Quality:1]]
[2023.05.14-22.04.58:362][  0]LogConfig: Setting CVar [[r.SSS.HalfRes:0]]
[2023.05.14-22.04.58:362][  0]LogConfig: Setting CVar [[r.SSGI.Quality:3]]
[2023.05.14-22.04.58:362][  0]LogConfig: Setting CVar [[r.EmitterSpawnRateScale:1.0]]
[2023.05.14-22.04.58:362][  0]LogConfig: Setting CVar [[r.ParticleLightQuality:2]]
[2023.05.14-22.04.58:362][  0]LogConfig: Setting CVar [[r.SkyAtmosphere.AerialPerspectiveLUT.FastApplyOnOpaque:1 ; Always have FastSkyLUT 1 in this case to avoid wrong sky]]
[2023.05.14-22.04.58:362][  0]LogConfig: Setting CVar [[r.SkyAtmosphere.AerialPerspectiveLUT.SampleCountMaxPerSlice:4]]
[2023.05.14-22.04.58:362][  0]LogConfig: Setting CVar [[r.SkyAtmosphere.AerialPerspectiveLUT.DepthResolution:16.0]]
[2023.05.14-22.04.58:362][  0]LogConfig: Setting CVar [[r.SkyAtmosphere.FastSkyLUT:1]]
[2023.05.14-22.04.58:362][  0]LogConfig: Setting CVar [[r.SkyAtmosphere.FastSkyLUT.SampleCountMin:4.0]]
[2023.05.14-22.04.58:362][  0]LogConfig: Setting CVar [[r.SkyAtmosphere.FastSkyLUT.SampleCountMax:128.0]]
[2023.05.14-22.04.58:362][  0]LogConfig: Setting CVar [[r.SkyAtmosphere.SampleCountMin:4.0]]
[2023.05.14-22.04.58:362][  0]LogConfig: Setting CVar [[r.SkyAtmosphere.SampleCountMax:128.0]]
[2023.05.14-22.04.58:362][  0]LogConfig: Setting CVar [[r.SkyAtmosphere.TransmittanceLUT.UseSmallFormat:0]]
[2023.05.14-22.04.58:362][  0]LogConfig: Setting CVar [[r.SkyAtmosphere.TransmittanceLUT.SampleCount:10.0]]
[2023.05.14-22.04.58:362][  0]LogConfig: Setting CVar [[r.SkyAtmosphere.MultiScatteringLUT.SampleCount:15.0]]
[2023.05.14-22.04.58:362][  0]LogConfig: Setting CVar [[r.SkyLight.RealTimeReflectionCapture:1]]
[2023.05.14-22.04.58:362][  0]LogConfig: Applying CVar settings from Section [FoliageQuality@3] File [A:/ProjectAA/Pioneers/University 4.27/Saved/Config/Windows/Scalability.ini]
[2023.05.14-22.04.58:362][  0]LogConfig: Setting CVar [[foliage.DensityScale:1.0]]
[2023.05.14-22.04.58:362][  0]LogConfig: Setting CVar [[grass.DensityScale:1.0]]
[2023.05.14-22.04.58:362][  0]LogConfig: Applying CVar settings from Section [ShadingQuality@3] File [A:/ProjectAA/Pioneers/University 4.27/Saved/Config/Windows/Scalability.ini]
[2023.05.14-22.04.58:362][  0]LogConfig: Setting CVar [[r.HairStrands.SkyLighting.IntegrationType:2]]
[2023.05.14-22.04.58:362][  0]LogConfig: Setting CVar [[r.HairStrands.SkyAO.SampleCount:4]]
[2023.05.14-22.04.58:362][  0]LogConfig: Setting CVar [[r.HairStrands.Visibility.MSAA.SamplePerPixel:4]]
[2023.05.14-22.04.58:362][  0]LogInit: Selected Device Profile: [Windows]
[2023.05.14-22.04.58:362][  0]LogInit: Applying CVar settings loaded from the selected device profile: [Windows]
[2023.05.14-22.04.58:362][  0]LogHAL: Display: Platform has ~ 15 GB [16051949568 / 17179869184 / 15], which maps to Larger [LargestMinGB=32, LargerMinGB=12, DefaultMinGB=8, SmallerMinGB=6, SmallestMinGB=0)
[2023.05.14-22.04.58:362][  0]LogInit: Going up to parent DeviceProfile []
[2023.05.14-22.04.58:362][  0]LogConfig: Applying CVar settings from Section [ViewDistanceQuality@3] File [A:/ProjectAA/Pioneers/University 4.27/Saved/Config/Windows/Scalability.ini]
[2023.05.14-22.04.58:362][  0]LogConfig: Setting CVar [[r.SkeletalMeshLODBias:0]]
[2023.05.14-22.04.58:362][  0]LogConfig: Setting CVar [[r.ViewDistanceScale:1.0]]
[2023.05.14-22.04.58:362][  0]LogConfig: Applying CVar settings from Section [AntiAliasingQuality@3] File [A:/ProjectAA/Pioneers/University 4.27/Saved/Config/Windows/Scalability.ini]
[2023.05.14-22.04.58:362][  0]LogConfig: Setting CVar [[r.PostProcessAAQuality:4]]
[2023.05.14-22.04.58:363][  0]LogConfig: Applying CVar settings from Section [ShadowQuality@3] File [A:/ProjectAA/Pioneers/University 4.27/Saved/Config/Windows/Scalability.ini]
[2023.05.14-22.04.58:363][  0]LogConfig: Setting CVar [[r.LightFunctionQuality:1]]
[2023.05.14-22.04.58:363][  0]LogConfig: Setting CVar [[r.ShadowQuality:5]]
[2023.05.14-22.04.58:363][  0]LogConfig: Setting CVar [[r.Shadow.CSM.MaxCascades:10]]
[2023.05.14-22.04.58:363][  0]LogConfig: Setting CVar [[r.Shadow.MaxResolution:2048]]
[2023.05.14-22.04.58:363][  0]LogConfig: Setting CVar [[r.Shadow.MaxCSMResolution:2048]]
[2023.05.14-22.04.58:363][  0]LogConfig: Setting CVar [[r.Shadow.RadiusThreshold:0.01]]
[2023.05.14-22.04.58:363][  0]LogConfig: Setting CVar [[r.Shadow.DistanceScale:1.0]]
[2023.05.14-22.04.58:363][  0]LogConfig: Setting CVar [[r.Shadow.CSM.TransitionScale:1.0]]
[2023.05.14-22.04.58:363][  0]LogConfig: Setting CVar [[r.Shadow.PreShadowResolutionFactor:1.0]]
[2023.05.14-22.04.58:363][  0]LogConfig: Setting CVar [[r.DistanceFieldShadowing:1]]
[2023.05.14-22.04.58:363][  0]LogConfig: Setting CVar [[r.DistanceFieldAO:1]]
[2023.05.14-22.04.58:363][  0]LogConfig: Setting CVar [[r.AOQuality:2]]
[2023.05.14-22.04.58:363][  0]LogConfig: Setting CVar [[r.VolumetricFog:1]]
[2023.05.14-22.04.58:363][  0]LogConfig: Setting CVar [[r.VolumetricFog.GridPixelSize:8]]
[2023.05.14-22.04.58:363][  0]LogConfig: Setting CVar [[r.VolumetricFog.GridSizeZ:128]]
[2023.05.14-22.04.58:363][  0]LogConfig: Setting CVar [[r.VolumetricFog.HistoryMissSupersampleCount:4]]
[2023.05.14-22.04.58:363][  0]LogConfig: Setting CVar [[r.LightMaxDrawDistanceScale:1]]
[2023.05.14-22.04.58:363][  0]LogConfig: Setting CVar [[r.CapsuleShadows:1]]
[2023.05.14-22.04.58:363][  0]LogConfig: Applying CVar settings from Section [PostProcessQuality@3] File [A:/ProjectAA/Pioneers/University 4.27/Saved/Config/Windows/Scalability.ini]
[2023.05.14-22.04.58:363][  0]LogConfig: Setting CVar [[r.MotionBlurQuality:4]]
[2023.05.14-22.04.58:363][  0]LogConfig: Setting CVar [[r.AmbientOcclusionMipLevelFactor:0.4]]
[2023.05.14-22.04.58:363][  0]LogConfig: Setting CVar [[r.AmbientOcclusionMaxQuality:100]]
[2023.05.14-22.04.58:363][  0]LogConfig: Setting CVar [[r.AmbientOcclusionLevels:-1]]
[2023.05.14-22.04.58:363][  0]LogConfig: Setting CVar [[r.AmbientOcclusionRadiusScale:1.0]]
[2023.05.14-22.04.58:363][  0]LogConfig: Setting CVar [[r.DepthOfFieldQuality:2]]
[2023.05.14-22.04.58:363][  0]LogConfig: Setting CVar [[r.RenderTargetPoolMin:400]]
[2023.05.14-22.04.58:363][  0]LogConfig: Setting CVar [[r.LensFlareQuality:2]]
[2023.05.14-22.04.58:363][  0]LogConfig: Setting CVar [[r.SceneColorFringeQuality:1]]
[2023.05.14-22.04.58:363][  0]LogConfig: Setting CVar [[r.EyeAdaptationQuality:2]]
[2023.05.14-22.04.58:363][  0]LogConfig: Setting CVar [[r.BloomQuality:5]]
[2023.05.14-22.04.58:363][  0]LogConfig: Setting CVar [[r.FastBlurThreshold:100]]
[2023.05.14-22.04.58:363][  0]LogConfig: Setting CVar [[r.Upscale.Quality:3]]
[2023.05.14-22.04.58:363][  0]LogConfig: Setting CVar [[r.Tonemapper.GrainQuantization:1]]
[2023.05.14-22.04.58:363][  0]LogConfig: Setting CVar [[r.LightShaftQuality:1]]
[2023.05.14-22.04.58:363][  0]LogConfig: Setting CVar [[r.Filter.SizeScale:1]]
[2023.05.14-22.04.58:363][  0]LogConfig: Setting CVar [[r.Tonemapper.Quality:5]]
[2023.05.14-22.04.58:363][  0]LogConfig: Setting CVar [[r.DOF.Gather.AccumulatorQuality:1        ; higher gathering accumulator quality]]
[2023.05.14-22.04.58:363][  0]LogConfig: Setting CVar [[r.DOF.Gather.PostfilterMethod:1          ; Median3x3 postfilering method]]
[2023.05.14-22.04.58:364][  0]LogConfig: Setting CVar [[r.DOF.Gather.EnableBokehSettings:0       ; no bokeh simulation when gathering]]
[2023.05.14-22.04.58:364][  0]LogConfig: Setting CVar [[r.DOF.Gather.RingCount:4                 ; medium number of samples when gathering]]
[2023.05.14-22.04.58:364][  0]LogConfig: Setting CVar [[r.DOF.Scatter.ForegroundCompositing:1    ; additive foreground scattering]]
[2023.05.14-22.04.58:364][  0]LogConfig: Setting CVar [[r.DOF.Scatter.BackgroundCompositing:2    ; additive background scattering]]
[2023.05.14-22.04.58:364][  0]LogConfig: Setting CVar [[r.DOF.Scatter.EnableBokehSettings:1      ; bokeh simulation when scattering]]
[2023.05.14-22.04.58:364][  0]LogConfig: Setting CVar [[r.DOF.Scatter.MaxSpriteRatio:0.1         ; only a maximum of 10% of scattered bokeh]]
[2023.05.14-22.04.58:364][  0]LogConfig: Setting CVar [[r.DOF.Recombine.Quality:1                ; cheap slight out of focus]]
[2023.05.14-22.04.58:364][  0]LogConfig: Setting CVar [[r.DOF.Recombine.EnableBokehSettings:0    ; no bokeh simulation on slight out of focus]]
[2023.05.14-22.04.58:364][  0]LogConfig: Setting CVar [[r.DOF.TemporalAAQuality:1                ; more stable temporal accumulation]]
[2023.05.14-22.04.58:364][  0]LogConfig: Setting CVar [[r.DOF.Kernel.MaxForegroundRadius:0.025]]
[2023.05.14-22.04.58:364][  0]LogConfig: Setting CVar [[r.DOF.Kernel.MaxBackgroundRadius:0.025]]
[2023.05.14-22.04.58:364][  0]LogConfig: Applying CVar settings from Section [TextureQuality@3] File [A:/ProjectAA/Pioneers/University 4.27/Saved/Config/Windows/Scalability.ini]
[2023.05.14-22.04.58:364][  0]LogConfig: Setting CVar [[r.Streaming.MipBias:0]]
[2023.05.14-22.04.58:364][  0]LogConfig: Setting CVar [[r.Streaming.AmortizeCPUToGPUCopy:0]]
[2023.05.14-22.04.58:364][  0]LogConfig: Setting CVar [[r.Streaming.MaxNumTexturesToStreamPerFrame:0]]
[2023.05.14-22.04.58:364][  0]LogConfig: Setting CVar [[r.Streaming.Boost:1]]
[2023.05.14-22.04.58:364][  0]LogConfig: Setting CVar [[r.MaxAnisotropy:8]]
[2023.05.14-22.04.58:364][  0]LogConfig: Setting CVar [[r.VT.MaxAnisotropy:8]]
[2023.05.14-22.04.58:364][  0]LogConfig: Setting CVar [[r.Streaming.LimitPoolSizeToVRAM:0]]
[2023.05.14-22.04.58:364][  0]LogConfig: Setting CVar [[r.Streaming.PoolSize:1000]]
[2023.05.14-22.04.58:364][  0]LogConfig: Setting CVar [[r.Streaming.MaxEffectiveScreenSize:0]]
[2023.05.14-22.04.58:364][  0]LogConfig: Applying CVar settings from Section [EffectsQuality@3] File [A:/ProjectAA/Pioneers/University 4.27/Saved/Config/Windows/Scalability.ini]
[2023.05.14-22.04.58:364][  0]LogConfig: Setting CVar [[r.TranslucencyLightingVolumeDim:64]]
[2023.05.14-22.04.58:364][  0]LogConfig: Setting CVar [[r.RefractionQuality:2]]
[2023.05.14-22.04.58:364][  0]LogConfig: Setting CVar [[r.SSR.Quality:3]]
[2023.05.14-22.04.58:364][  0]LogConfig: Setting CVar [[r.SSR.HalfResSceneColor:0]]
[2023.05.14-22.04.58:364][  0]LogConfig: Setting CVar [[r.SceneColorFormat:4]]
[2023.05.14-22.04.58:364][  0]LogConfig: Setting CVar [[r.DetailMode:2]]
[2023.05.14-22.04.58:364][  0]LogConfig: Setting CVar [[r.TranslucencyVolumeBlur:1]]
[2023.05.14-22.04.58:364][  0]LogConfig: Setting CVar [[r.MaterialQualityLevel:1 ; High quality]]
[2023.05.14-22.04.58:364][  0]LogConfig: Setting CVar [[r.AnisotropicMaterials:1]]
[2023.05.14-22.04.58:364][  0]LogConfig: Setting CVar [[r.SSS.Scale:1]]
[2023.05.14-22.04.58:364][  0]LogConfig: Setting CVar [[r.SSS.SampleSet:2]]
[2023.05.14-22.04.58:364][  0]LogConfig: Setting CVar [[r.SSS.Quality:1]]
[2023.05.14-22.04.58:364][  0]LogConfig: Setting CVar [[r.SSS.HalfRes:0]]
[2023.05.14-22.04.58:364][  0]LogConfig: Setting CVar [[r.SSGI.Quality:3]]
[2023.05.14-22.04.58:364][  0]LogConfig: Setting CVar [[r.EmitterSpawnRateScale:1.0]]
[2023.05.14-22.04.58:364][  0]LogConfig: Setting CVar [[r.ParticleLightQuality:2]]
[2023.05.14-22.04.58:364][  0]LogConfig: Setting CVar [[r.SkyAtmosphere.AerialPerspectiveLUT.FastApplyOnOpaque:1 ; Always have FastSkyLUT 1 in this case to avoid wrong sky]]
[2023.05.14-22.04.58:364][  0]LogConfig: Setting CVar [[r.SkyAtmosphere.AerialPerspectiveLUT.SampleCountMaxPerSlice:4]]
[2023.05.14-22.04.58:364][  0]LogConfig: Setting CVar [[r.SkyAtmosphere.AerialPerspectiveLUT.DepthResolution:16.0]]
[2023.05.14-22.04.58:364][  0]LogConfig: Setting CVar [[r.SkyAtmosphere.FastSkyLUT:1]]
[2023.05.14-22.04.58:364][  0]LogConfig: Setting CVar [[r.SkyAtmosphere.FastSkyLUT.SampleCountMin:4.0]]
[2023.05.14-22.04.58:364][  0]LogConfig: Setting CVar [[r.SkyAtmosphere.FastSkyLUT.SampleCountMax:128.0]]
[2023.05.14-22.04.58:364][  0]LogConfig: Setting CVar [[r.SkyAtmosphere.SampleCountMin:4.0]]
[2023.05.14-22.04.58:364][  0]LogConfig: Setting CVar [[r.SkyAtmosphere.SampleCountMax:128.0]]
[2023.05.14-22.04.58:364][  0]LogConfig: Setting CVar [[r.SkyAtmosphere.TransmittanceLUT.UseSmallFormat:0]]
[2023.05.14-22.04.58:365][  0]LogConfig: Setting CVar [[r.SkyAtmosphere.TransmittanceLUT.SampleCount:10.0]]
[2023.05.14-22.04.58:365][  0]LogConfig: Setting CVar [[r.SkyAtmosphere.MultiScatteringLUT.SampleCount:15.0]]
[2023.05.14-22.04.58:365][  0]LogConfig: Setting CVar [[r.SkyLight.RealTimeReflectionCapture:1]]
[2023.05.14-22.04.58:365][  0]LogConfig: Applying CVar settings from Section [FoliageQuality@3] File [A:/ProjectAA/Pioneers/University 4.27/Saved/Config/Windows/Scalability.ini]
[2023.05.14-22.04.58:365][  0]LogConfig: Setting CVar [[foliage.DensityScale:1.0]]
[2023.05.14-22.04.58:365][  0]LogConfig: Setting CVar [[grass.DensityScale:1.0]]
[2023.05.14-22.04.58:365][  0]LogConfig: Applying CVar settings from Section [ShadingQuality@3] File [A:/ProjectAA/Pioneers/University 4.27/Saved/Config/Windows/Scalability.ini]
[2023.05.14-22.04.58:365][  0]LogConfig: Setting CVar [[r.HairStrands.SkyLighting.IntegrationType:2]]
[2023.05.14-22.04.58:365][  0]LogConfig: Setting CVar [[r.HairStrands.SkyAO.SampleCount:4]]
[2023.05.14-22.04.58:365][  0]LogConfig: Setting CVar [[r.HairStrands.Visibility.MSAA.SamplePerPixel:4]]
[2023.05.14-22.04.58:365][  0]LogConfig: Applying CVar settings from Section [Startup] File [../../../Engine/Config/ConsoleVariables.ini]
[2023.05.14-22.04.58:365][  0]LogConfig: Setting CVar [[net.UseAdaptiveNetUpdateFrequency:0]]
[2023.05.14-22.04.58:365][  0]LogConfig: Setting CVar [[p.chaos.AllowCreatePhysxBodies:1]]
[2023.05.14-22.04.58:365][  0]LogConfig: Setting CVar [[fx.SkipVectorVMBackendOptimizations:1]]
[2023.05.14-22.04.58:365][  0]LogConfig: Applying CVar settings from Section [ConsoleVariables] File [A:/ProjectAA/Pioneers/University 4.27/Saved/Config/Windows/Engine.ini]
[2023.05.14-22.04.58:365][  0]LogConfig: Applying CVar settings from Section [ConsoleVariables] File [A:/ProjectAA/Pioneers/University 4.27/Saved/Config/Windows/Editor.ini]
[2023.05.14-22.04.58:365][  0]LogInit: Computer: DESKTOP-8PJFS06
[2023.05.14-22.04.58:365][  0]LogInit: User: amir
[2023.05.14-22.04.58:365][  0]LogInit: CPU Page size=4096, Cores=4
[2023.05.14-22.04.58:366][  0]LogInit: High frequency timer resolution =10.000000 MHz
[2023.05.14-22.04.58:366][  0]LogMemory: Memory total: Physical=14.9GB (15GB approx)
[2023.05.14-22.04.58:366][  0]LogMemory: Platform Memory Stats for Windows
[2023.05.14-22.04.58:366][  0]LogMemory: Process Physical Memory: 145.94 MB used, 145.95 MB peak
[2023.05.14-22.04.58:366][  0]LogMemory: Process Virtual Memory: 127.23 MB used, 127.23 MB peak
[2023.05.14-22.04.58:366][  0]LogMemory: Physical Memory: 5470.62 MB used,  9837.71 MB free, 15308.33 MB total
[2023.05.14-22.04.58:366][  0]LogMemory: Virtual Memory: 134207472.00 MB used,  10255.23 MB free, 134217728.00 MB total
[2023.05.14-22.04.58:374][  0]LogWindows: WindowsPlatformFeatures enabled
[2023.05.14-22.04.58:418][  0]LogInit: Physics initialised using underlying interface: PhysX
[2023.05.14-22.04.58:420][  0]LogInit: Using OS detected language (en-US).
[2023.05.14-22.04.58:420][  0]LogInit: Using OS detected locale (en-US).
[2023.05.14-22.04.58:424][  0]LogTextLocalizationManager: No specific localization for 'en-US' exists, so the 'en' localization will be used.
[2023.05.14-22.04.58:820][  0]LogInit: Setting process to per monitor DPI aware
[2023.05.14-22.04.58:838][  0]LogWindowsTextInputMethodSystem: Display: IME system deactivated.
[2023.05.14-22.04.58:859][  0]LogSlate: New Slate User Created.  User Index 0, Is Virtual User: 0
[2023.05.14-22.04.58:859][  0]LogSlate: Slate User Registered.  User Index 0, Is Virtual User: 0
[2023.05.14-22.04.59:231][  0]LogD3D11RHI: Loaded GFSDK_Aftermath_Lib.x64.dll
[2023.05.14-22.04.59:247][  0]LogHMD: Failed to initialize OpenVR with code 110
[2023.05.14-22.04.59:247][  0]LogD3D11RHI: D3D11 min allowed feature level: 11_0
[2023.05.14-22.04.59:247][  0]LogD3D11RHI: D3D11 max allowed feature level: 11_0
[2023.05.14-22.04.59:247][  0]LogD3D11RHI: D3D11 adapters:
[2023.05.14-22.04.59:343][  0]LogD3D11RHI:    0. 'Radeon RX 560 Series' (Feature Level 11_0)
[2023.05.14-22.04.59:343][  0]LogD3D11RHI:       4074/0/7654 MB DedicatedVideo/DedicatedSystem/SharedSystem, Outputs:1, VendorId:0x1002
[2023.05.14-22.04.59:428][  0]LogD3D11RHI:    1. 'AMD Radeon R7 Graphics' (Feature Level 11_0)
[2023.05.14-22.04.59:428][  0]LogD3D11RHI:       998/0/7654 MB DedicatedVideo/DedicatedSystem/SharedSystem, Outputs:0, VendorId:0x1002
[2023.05.14-22.04.59:434][  0]LogD3D11RHI:    2. 'Microsoft Basic Render Driver' (Feature Level 11_0)
[2023.05.14-22.04.59:434][  0]LogD3D11RHI:       0/0/7654 MB DedicatedVideo/DedicatedSystem/SharedSystem, Outputs:0, VendorId:0x1414
[2023.05.14-22.04.59:434][  0]LogD3D11RHI: Chosen D3D11 Adapter:
[2023.05.14-22.04.59:434][  0]LogD3D11RHI:     Description : Radeon RX 560 Series
[2023.05.14-22.04.59:434][  0]LogD3D11RHI:     VendorId    : 1002
[2023.05.14-22.04.59:434][  0]LogD3D11RHI:     DeviceId    : 67ff
[2023.05.14-22.04.59:434][  0]LogD3D11RHI:     SubSysId    : 1ca01043
[2023.05.14-22.04.59:434][  0]LogD3D11RHI:     Revision    : 00ef
[2023.05.14-22.04.59:434][  0]LogD3D11RHI:     DedicatedVideoMemory : 4272902144 bytes
[2023.05.14-22.04.59:434][  0]LogD3D11RHI:     DedicatedSystemMemory : 0 bytes
[2023.05.14-22.04.59:434][  0]LogD3D11RHI:     SharedSystemMemory : 8025974784 bytes
[2023.05.14-22.04.59:434][  0]LogD3D11RHI:     AdapterLuid : 0 45949
[2023.05.14-22.04.59:448][  0]LogD3D11RHI: Creating new Direct3DDevice
[2023.05.14-22.04.59:448][  0]LogD3D11RHI:     GPU DeviceId: 0x67ff (for the marketing name, search the web for "GPU Device Id")
[2023.05.14-22.04.59:449][  0]LogWindows: EnumDisplayDevices:
[2023.05.14-22.04.59:449][  0]LogWindows:    0. 'AMD Radeon R7 Graphics' (P:1 D:1)
[2023.05.14-22.04.59:449][  0]LogWindows:    1. 'AMD Radeon R7 Graphics' (P:0 D:0)
[2023.05.14-22.04.59:450][  0]LogWindows:    2. 'AMD Radeon R7 Graphics' (P:0 D:0)
[2023.05.14-22.04.59:451][  0]LogWindows:    3. 'AMD Radeon R7 Graphics' (P:0 D:0)
[2023.05.14-22.04.59:451][  0]LogWindows:    4. 'AMD Radeon R7 Graphics' (P:0 D:0)
[2023.05.14-22.04.59:452][  0]LogWindows:    5. 'Radeon RX 560 Series' (P:0 D:0)
[2023.05.14-22.04.59:453][  0]LogWindows:    6. 'Radeon RX 560 Series' (P:0 D:0)
[2023.05.14-22.04.59:453][  0]LogWindows: DebugString: PrimaryIsNotTheChoosenAdapter PrimaryIsNotTheChoosenAdapter PrimaryIsNotTheChoosenAdapter PrimaryIsNotTheChoosenAdapter PrimaryIsNotTheChoosenAdapter FoundDriverCount:2 
[2023.05.14-22.04.59:453][  0]LogD3D11RHI:     Adapter Name: Radeon RX 560 Series
[2023.05.14-22.04.59:453][  0]LogD3D11RHI:   Driver Version: AMD Software: Adrenalin Edition 22.20.27.07 (internal:31.0.12027.7000, unified:31.0.12027.7000)
[2023.05.14-22.04.59:453][  0]LogD3D11RHI:      Driver Date: 10-20-2022
[2023.05.14-22.04.59:453][  0]LogRHI: Texture pool is 2424 MB (70% of 3463 MB)
[2023.05.14-22.04.59:490][  0]LogD3D11RHI: Creating D3DDevice with AMD AGS, using adapter:
[2023.05.14-22.04.59:490][  0]LogD3D11RHI:     Description : Radeon RX 560 Series
[2023.05.14-22.04.59:490][  0]LogD3D11RHI:     VendorId    : 1002
[2023.05.14-22.04.59:490][  0]LogD3D11RHI:     DeviceId    : 67ff
[2023.05.14-22.04.59:490][  0]LogD3D11RHI:     SubSysId    : 1ca01043
[2023.05.14-22.04.59:490][  0]LogD3D11RHI:     Revision    : 00ef
[2023.05.14-22.04.59:490][  0]LogD3D11RHI:     DedicatedVideoMemory : 4272902144 bytes
[2023.05.14-22.04.59:490][  0]LogD3D11RHI:     DedicatedSystemMemory : 0 bytes
[2023.05.14-22.04.59:490][  0]LogD3D11RHI:     SharedSystemMemory : 8025974784 bytes
[2023.05.14-22.04.59:490][  0]LogD3D11RHI:     AdapterLuid : 0 45949
[2023.05.14-22.04.59:565][  0]LogD3D11RHI: Created device via AGS, feature level 11_0, supported extensions 1fffffbf.
[2023.05.14-22.04.59:565][  0]LogD3D11RHI: RHI has support for 64 bit atomics
[2023.05.14-22.04.59:565][  0]LogD3D11RHI: Async texture creation enabled
[2023.05.14-22.04.59:565][  0]LogD3D11RHI: Array index from any shader is supported
[2023.05.14-22.04.59:586][  0]LogD3D11RHI: GPU Timing Frequency: 25.000000 (Debug: 2 1)
[2023.05.14-22.05.00:245][  0]LogTargetPlatformManager: Display: Loaded TargetPlatform 'AllDesktop'
[2023.05.14-22.05.00:288][  0]LogTargetPlatformManager: Display: Loaded TargetPlatform 'Android'
[2023.05.14-22.05.00:288][  0]LogTargetPlatformManager: Display: Loaded TargetPlatform 'Android_ASTC'
[2023.05.14-22.05.00:288][  0]LogTargetPlatformManager: Display: Loaded TargetPlatform 'Android_DXT'
[2023.05.14-22.05.00:288][  0]LogTargetPlatformManager: Display: Loaded TargetPlatform 'Android_ETC2'
[2023.05.14-22.05.00:288][  0]LogTargetPlatformManager: Display: Loaded TargetPlatform 'AndroidClient'
[2023.05.14-22.05.00:288][  0]LogTargetPlatformManager: Display: Loaded TargetPlatform 'Android_ASTCClient'
[2023.05.14-22.05.00:288][  0]LogTargetPlatformManager: Display: Loaded TargetPlatform 'Android_DXTClient'
[2023.05.14-22.05.00:288][  0]LogTargetPlatformManager: Display: Loaded TargetPlatform 'Android_ETC2Client'
[2023.05.14-22.05.00:289][  0]LogTargetPlatformManager: Display: Loaded TargetPlatform 'Android_Multi'
[2023.05.14-22.05.00:289][  0]LogTargetPlatformManager: Display: Loaded TargetPlatform 'Android_MultiClient'
[2023.05.14-22.05.00:328][  0]LogTargetPlatformManager: Display: Loaded TargetPlatform 'IOSClient'
[2023.05.14-22.05.00:328][  0]LogTargetPlatformManager: Display: Loaded TargetPlatform 'IOS'
[2023.05.14-22.05.00:352][  0]LogTargetPlatformManager: Display: Loaded TargetPlatform 'Linux'
[2023.05.14-22.05.00:361][  0]LogTargetPlatformManager: Display: Loaded TargetPlatform 'LinuxNoEditor'
[2023.05.14-22.05.00:370][  0]LogTargetPlatformManager: Display: Loaded TargetPlatform 'LinuxClient'
[2023.05.14-22.05.00:380][  0]LogTargetPlatformManager: Display: Loaded TargetPlatform 'LinuxServer'
[2023.05.14-22.05.00:400][  0]LogTargetPlatformManager: Display: Loaded TargetPlatform 'LinuxAArch64NoEditor'
[2023.05.14-22.05.00:410][  0]LogTargetPlatformManager: Display: Loaded TargetPlatform 'LinuxAArch64Client'
[2023.05.14-22.05.00:418][  0]LogTargetPlatformManager: Display: Loaded TargetPlatform 'LinuxAArch64Server'
[2023.05.14-22.05.00:465][  0]LogTargetPlatformManager: Display: Loaded TargetPlatform 'Lumin'
[2023.05.14-22.05.00:466][  0]LogTargetPlatformManager: Display: Loaded TargetPlatform 'LuminClient'
[2023.05.14-22.05.00:483][  0]LogTargetPlatformManager: Display: Loaded TargetPlatform 'MacNoEditor'
[2023.05.14-22.05.00:492][  0]LogTargetPlatformManager: Display: Loaded TargetPlatform 'Mac'
[2023.05.14-22.05.00:500][  0]LogTargetPlatformManager: Display: Loaded TargetPlatform 'MacClient'
[2023.05.14-22.05.00:509][  0]LogTargetPlatformManager: Display: Loaded TargetPlatform 'MacServer'
[2023.05.14-22.05.00:528][  0]LogTargetPlatformManager: Display: Loaded TargetPlatform 'TVOSClient'
[2023.05.14-22.05.00:528][  0]LogTargetPlatformManager: Display: Loaded TargetPlatform 'TVOS'
[2023.05.14-22.05.00:546][  0]LogTargetPlatformManager: Display: Loaded TargetPlatform 'WindowsNoEditor'
[2023.05.14-22.05.00:556][  0]LogTargetPlatformManager: Display: Loaded TargetPlatform 'Windows'
[2023.05.14-22.05.00:565][  0]LogTargetPlatformManager: Display: Loaded TargetPlatform 'WindowsClient'
[2023.05.14-22.05.00:574][  0]LogTargetPlatformManager: Display: Loaded TargetPlatform 'WindowsServer'
[2023.05.14-22.05.00:574][  0]LogTargetPlatformManager: Display: Building Assets For Windows
[2023.05.14-22.05.00:590][  0]LogAudioDebug: Display: Lib vorbis DLL was dynamically loaded.
[2023.05.14-22.05.00:657][  0]LogTextureFormatOodle: Display: Oodle Texture 2.9.0 init RDO Off
[2023.05.14-22.05.00:732][  0]LogRendererCore: Ray tracing is disabled. Reason: r.RayTracing=0.
[2023.05.14-22.05.00:732][  0]LogShaderCompilers: Guid format shader working directory is -7 characters bigger than the processId version (../../../../../../ProjectAA/Pioneers/University 4.27/Intermediate/Shaders/WorkingDirectory/2236/).
[2023.05.14-22.05.00:732][  0]LogShaderCompilers: Cleaned the shader compiler working directory 'C:/Users/amir/AppData/Local/Temp/UnrealShaderWorkingDir/578044114BF0318136287CB5E70E73F2/'.
[2023.05.14-22.05.00:733][  0]LogXGEController: Cannot use XGE Controller as Incredibuild is not installed on this machine.
[2023.05.14-22.05.00:733][  0]LogShaderCompilers: Cannot use XGE Shader Compiler as Incredibuild is not installed on this machine.
[2023.05.14-22.05.00:733][  0]LogShaderCompilers: Display: Using Local Shader Compiler.
[2023.05.14-22.05.02:627][  0]LogDerivedDataCache: Display: Max Cache Size: 512 MB
[2023.05.14-22.05.02:797][  0]LogDerivedDataCache: Loaded boot cache 0.17s 94MB C:/Users/amir/AppData/Local/UnrealEngine/4.27/DerivedDataCache/Boot.ddc.
[2023.05.14-22.05.02:797][  0]LogDerivedDataCache: Display: Loaded Boot cache: C:/Users/amir/AppData/Local/UnrealEngine/4.27/DerivedDataCache/Boot.ddc
[2023.05.14-22.05.02:797][  0]LogDerivedDataCache: FDerivedDataBackendGraph:  Pak pak cache file ../../../../../../ProjectAA/Pioneers/University 4.27/DerivedDataCache/DDC.ddp not found, will not use a pak cache.
[2023.05.14-22.05.02:798][  0]LogDerivedDataCache: Unable to find inner node Pak for hierarchical cache Hierarchy.
[2023.05.14-22.05.02:798][  0]LogDerivedDataCache: FDerivedDataBackendGraph:  CompressedPak pak cache file ../../../../../../ProjectAA/Pioneers/University 4.27/DerivedDataCache/Compressed.ddp not found, will not use a pak cache.
[2023.05.14-22.05.02:798][  0]LogDerivedDataCache: Unable to find inner node CompressedPak for hierarchical cache Hierarchy.
[2023.05.14-22.05.02:839][  0]LogDerivedDataCache: Display: Pak cache opened for reading ../../../Engine/DerivedDataCache/Compressed.ddp.
[2023.05.14-22.05.02:840][  0]LogDerivedDataCache: FDerivedDataBackendGraph:  EnterprisePak pak cache file ../../../Enterprise/DerivedDataCache/Compressed.ddp not found, will not use a pak cache.
[2023.05.14-22.05.02:840][  0]LogDerivedDataCache: Unable to find inner node EnterprisePak for hierarchical cache Hierarchy.
[2023.05.14-22.05.02:875][  0]LogDerivedDataCache: Speed tests for C:/Users/amir/AppData/Local/UnrealEngine/Common/DerivedDataCache took 0.04 seconds
[2023.05.14-22.05.02:875][  0]LogDerivedDataCache: Display: Performance to C:/Users/amir/AppData/Local/UnrealEngine/Common/DerivedDataCache: Latency=0.11ms. RandomReadSpeed=209.31MBs, RandomWriteSpeed=31.27MBs. Assigned SpeedClass 'Local'
[2023.05.14-22.05.02:949][  0]LogDerivedDataCache: Using Local data cache path C:/Users/amir/AppData/Local/UnrealEngine/Common/DerivedDataCache: Writable
[2023.05.14-22.05.02:950][  0]LogDerivedDataCache: Shared data cache path not found in *engine.ini, will not use an Shared cache.
[2023.05.14-22.05.02:950][  0]LogDerivedDataCache: Unable to find inner node Shared for hierarchical cache Hierarchy.
[2023.05.14-22.05.03:071][  0]LogSlate: Using FreeType 2.10.0
[2023.05.14-22.05.03:072][  0]LogSlate: SlateFontServices - WITH_FREETYPE: 1, WITH_HARFBUZZ: 1
[2023.05.14-22.05.03:173][  0]LogAssetRegistry: FAssetRegistry took 0.0451 seconds to start up
[2023.05.14-22.05.03:759][  0]LogInit: Selected Device Profile: [Windows]
[2023.05.14-22.05.03:759][  0]LogInit: Active device profile: [000001FB0BB4FC00][000001FB02316B00 49] Windows
[2023.05.14-22.05.03:759][  0]LogInit: Profiles: [000001FB0BB4FC00][000001FB02316B00 49] Windows, [000001FB0BB14600][000001FB0231AC40 49] WindowsNoEditor, [000001FB0BB4C600][000001FB06AD4D80 49] WindowsServer, [000001FB0BB15500][000001FB06ADCF00 49] WindowsClient, [000001FB0BB4D500][000001FB06AE1080 49] IOS, [000001FB0BB15100][000001FB06AE5200 49] iPadAir, [000001FB0BB4E400][000001FB06AE9380 49] iPadAir2, [000001FB0BABFD00][000001FB06DB9640 49] IPadPro, [000001FB0BABFE00][000001FB06DB5680 49] iPadAir3, [000001FB0BB4FA00][000001FB06DBD800 49] iPadAir4, [000001FB0BABCB00][000001FB06DC1980 49] iPadMini2, [000001FB0BB4C200][000001FB06DC5B00 49] iPadMini3, [000001FB0BABEC00][000001FB06DC8100 49] iPadMini4, [000001FB0BB4E700][000001FB06DCC280 49] iPadMini5, [000001FB0BB0F600][000001FB06DD4540 49] iPhone6, [000001FB0BB0F700][000001FB06DD0580 49] iPodTouch6, [000001FB0BABE100][000001FB06DDC840 49] iPhone7, [000001FB0BABE200][000001FB06DD8880 49] iPodTouch7, [000001FB0BB0CA00][000001FB06DE0A00 49] iPhone5S, [000001FB0BABE700][000001FB06AD8B40 49] iPhone6Plus, [000001FB0BB0ED00][000001FB06DE4C80 49] iPhone6S, [000001FB0BABDC00][000001FB06DE8DC0 49] iPhone6SPlus, [000001FB0BB0FF00][000001FB06DECF00 49] iPhone7Plus, [000001FB0BABDF00][000001FB06DF5080 49] iPhoneSE, [000001FB0BB0CB00][000001FB06DF9200 49] iPhone8, [000001FB0BABD500][000001FB06DFD380 49] iPhone8Plus, [000001FB0BB0EB00][000001FB06E01500 49] iPhoneX, [000001FB0BABE900][000001FB06E05680 49] iPhoneXS, [000001FB0BB0F300][000001FB06E09800 49] iPhoneXSMax, [000001FB0BABCC00][000001FB06E0D980 49] iPhoneXR, [000001FB0BB0D800][000001FB06E11B00 49] iPhone11, [000001FB0BABC800][000001FB06E14100 49] iPhone11Pro, [000001FB0BB0E200][000001FB06E18280 49] iPhone11ProMax, [000001FB0BABC300][000001FB06E1C400 49] iPhoneSE2, [000001FB0BB0C200][000001FB06E20580 49] iPhone12Mini, [000001FB0BABD100][000001FB06E24700 49] iPhone12, [000001FB0BB0CE00][000001FB06E28880 49] iPhone12Pro, [000001FB0BABFC00][000001FB06E2CA00 49] iPhone12ProMax, [000001FB0BB0D700][000001FB0B672B80 49] iPadPro105, [000001FB0BABED00][000001FB0B676D00 49] iPadPro129, [000001FB0BB0DF00][000001FB06DF0E40 49] iPadPro97, [000001FB0BABD700][000001FB0B67AF80 49] iPadPro2_129, [000001FB0BB0C300][000001FB0B67F0C0 49] iPad5, [000001FB0BABF100][000001FB0B687240 49] iPad6, [000001FB0BB0FE00][000001FB0B68B3C0 49] iPad7, [000001FB0BABDD00][000001FB0B68F540 49] iPad8, [000001FB0BB0E500][000001FB0B6936C0 49] iPadPro11, [000001FB0BABF700][000001FB0B697840 49] iPadPro2_11, [000001FB0BB0F200][000001FB0B69B9C0 49] iPadPro3_129, [000001FB0BABE400][000001FB0B69FB40 49] iPadPro4_129, [000001FB0BB0E600][000001FB0B6A2140 49] AppleTV, [000001FB0BABD900][000001FB0B6A62C0 49] AppleTV4K, [000001FB0BB0EF00][000001FB0B6AA440 49] TVOS, [000001FB0BABC400][000001FB0B6AE5C0 49] Mac, [000001FB0BB0CC00][000001FB0B6B2740 49] MacClient, [000001FB0BABD400][000001FB0B6B68C0 49] MacNoEditor, [000001FB0BB0C400][000001FB0B6BAA40 49] MacServer, [000001FB0BABC600][000001FB0B6BEBC0 49] Linux, [000001FB0BB0F100][000001FB0B6C2D40 49] LinuxAArch64, [000001FB0BABEA00][000001FB0B6C6EC0 49] LinuxNoEditor, [000001FB0BB0CF00][000001FB0B683000 49] LinuxAArch64NoEditor, [000001FB0BABF800][000001FB0B6CB140 49] LinuxClient, [000001FB0BB14900][000001FB0B6CF280 49] LinuxAArch64Client, [000001FB0BB7E700][000001FB0B6D33C0 49] LinuxServer, [000001FB0BB17B00][000001FB0B6DB540 49] LinuxAArch64Server, [000001FB0BB7C200][000001FB0B6DF6C0 49] Android, [000001FB0BB16500][000001FB0B6E3840 49] Android_Low, [000001FB0BB7D800][000001FB0B6E79C0 49] Android_Mid, [000001FB0BB16800][000001FB0B6EBB40 49] Android_High, [000001FB0BB7E400][000001FB0B6EE140 49] Android_Default, [000001FB0BB15A00][000001FB0B6F22C0 49] Android_Adreno4xx, [000001FB0BB7DC00][000001FB0B6F6440 49] Android_Adreno5xx_Low, [000001FB0BB16A00][000001FB0B6FA5C0 49] Android_Adreno5xx, [000001FB0BB7DD00][000001FB0B6FE740 49] Android_Adreno6xx, [000001FB0BB17300][000001FB0B7028C0 49] Android_Adreno6xx_Vulkan, [000001FB0BB7CB00][000001FB0B706A40 49] Android_Mali_T6xx, [000001FB0BB14800][000001FB0B70ABC0 49] Android_Mali_T7xx, [000001FB0BB7DA00][000001FB0B70ED40 49] Android_Mali_T8xx, [000001FB0BB15E00][000001FB0B712EC0 49] Android_Mali_G71, [000001FB0BB7D300][000001FB0B717040 49] Android_Mali_G72, [000001FB0BB15700][000001FB0B6D7180 49] Android_Mali_G72_Vulkan, [000001FB0BB7E100][000001FB0B71B2C0 49] Android_Mali_G76, [000001FB0BB17600][000001FB0B71F400 49] Android_Mali_G76_Vulkan, [000001FB0BB7E900][000001FB0B723540 49] Android_Mali_G77, [000001FB0BB16C00][000001FB0B72B6C0 49] Android_Mali_G77_Vulkan, [000001FB0BB7CC00][000001FB0B72F840 49] Android_Mali_G78, [000001FB0BB16100][000001FB0B7339C0 49] Android_Mali_G78_Vulkan, [000001FB0BB7DB00][000001FB0B737B40 49] Android_Mali_G710, [000001FB0BABC100][000001FB0B73A140 49] Android_Mali_G710_Vulkan, [000001FB0BB7EF00][000001FB0B73E2C0 49] Android_Vulkan_SM5, [000001FB0BABE800][000001FB0B742440 49] Android_PowerVR_G6xxx, [000001FB0BB7EB00][000001FB0B7465C0 49] Android_PowerVR_GT7xxx, [000001FB0BABDE00][000001FB0B74A740 49] Android_PowerVR_GE8xxx, [000001FB0BB7DF00][000001FB0B74E8C0 49] Android_PowerVR_GM9xxx, [000001FB0BABE600][000001FB0B752A40 49] Android_PowerVR_GM9xxx_Vulkan, [000001FB0BB7D900][000001FB0B756BC0 49] Android_TegraK1, [000001FB0BABCF00][000001FB0B75AD40 49] Android_Unknown_Vulkan, [000001FB0BB7CF00][000001FB0B75EEC0 49] Lumin, [000001FB0BABFB00][000001FB0B763040 49] Lumin_Desktop, [000001FB0BB7E800][000001FB0B7671C0 49] HoloLens, 
[2023.05.14-22.05.04:019][  0]LogMeshReduction: Using QuadricMeshReduction for automatic static mesh reduction
[2023.05.14-22.05.04:019][  0]LogMeshReduction: Using SimplygonMeshReduction for automatic skeletal mesh reduction
[2023.05.14-22.05.04:019][  0]LogMeshReduction: Using ProxyLODMeshReduction for automatic mesh merging
[2023.05.14-22.05.04:019][  0]LogMeshReduction: No distributed automatic mesh merging module available
[2023.05.14-22.05.04:019][  0]LogMeshMerging: No distributed automatic mesh merging module available
[2023.05.14-22.05.04:052][  0]LogNetVersion: University 1.0.0, NetCL: 17155196, EngineNetVer: 17, GameNetVer: 0 (Checksum: 1332675289)
[2023.05.14-22.05.05:103][  0]LogTexture: Default maximum texture size for cubemaps generated from long-lat sources has been changed from 512 to unlimited. In order to preserve old behaiour for '/Engine/MapTemplates/Sky/DaylightAmbientCubemap.DaylightAmbientCubemap', its maximum texture size has been explicitly set to 512.
[2023.05.14-22.05.05:240][  0]LogHMD: PokeAHoleMaterial loaded successfully
[2023.05.14-22.05.05:254][  0]LogUObjectArray: 17178 objects as part of root set at end of initial load.
[2023.05.14-22.05.05:254][  0]LogUObjectAllocator: 4302048 out of 0 bytes used by permanent object pool.
[2023.05.14-22.05.05:254][  0]LogUObjectArray: CloseDisregardForGC: 0/0 objects in disregard for GC pool
[2023.05.14-22.05.05:927][  0]LogPython: Using Python 3.7.7
[2023.05.14-22.05.07:069][  0]LogNiagaraDebuggerClient: Niagara Debugger Client Initialized | Session: 42A386204E73958AFD85B8B87184AFD4 | Instance: 8368F5424F57C436155389B5C0B0E29B (DESKTOP-8PJFS06-2236).
[2023.05.14-22.05.07:422][  0]LogTcpMessaging: Initializing TcpMessaging bridge
[2023.05.14-22.05.07:441][  0]LogUdpMessaging: Initializing bridge on interface 0.0.0.0:0 to multicast group 230.0.0.1:6666.
[2023.05.14-22.05.07:823][  0]SourceControl: Source control is disabled
[2023.05.14-22.05.07:823][  0]LogWindows: Warning: CreateProc failed: The system cannot find the file specified. (0x00000002)
[2023.05.14-22.05.07:823][  0]LogWindows: Warning: URL: C:/Program Files/Git/bin/git.exe version
[2023.05.14-22.05.07:823][  0]LogWindows: Warning: CreateProc failed: The system cannot find the file specified. (0x00000002)
[2023.05.14-22.05.07:823][  0]LogWindows: Warning: URL: C:/Program Files (x86)/Git/bin/git.exe version
[2023.05.14-22.05.07:824][  0]LogWindows: Warning: CreateProc failed: The system cannot find the file specified. (0x00000002)
[2023.05.14-22.05.07:824][  0]LogWindows: Warning: URL: C:\Users\amir\AppData\Local/Programs/Git/cmd/git.exe version
[2023.05.14-22.05.07:824][  0]LogWindows: Warning: CreateProc failed: The system cannot find the file specified. (0x00000002)
[2023.05.14-22.05.07:824][  0]LogWindows: Warning: URL: C:/Program Files (x86)/SmartGit/git/bin/git.exe version
[2023.05.14-22.05.07:824][  0]LogWindows: Warning: CreateProc failed: The system cannot find the file specified. (0x00000002)
[2023.05.14-22.05.07:824][  0]LogWindows: Warning: URL: C:/Program Files (x86)/SmartGit/bin/git.exe version
[2023.05.14-22.05.07:824][  0]LogWindows: Warning: CreateProc failed: The system cannot find the file specified. (0x00000002)
[2023.05.14-22.05.07:825][  0]LogWindows: Warning: URL: C:\Users\amir\AppData\Local/Atlassian/SourceTree/git_local/bin/git.exe version
[2023.05.14-22.05.07:825][  0]LogWindows: Warning: CreateProc failed: The system cannot find the file specified. (0x00000002)
[2023.05.14-22.05.07:825][  0]LogWindows: Warning: URL: C:/Program Files (x86)/fournova/Tower/vendor/Git/bin/git.exe version
[2023.05.14-22.05.07:832][  0]LogWindows: Warning: CreateProc failed: The system cannot find the file specified. (0x00000002)
[2023.05.14-22.05.07:832][  0]LogWindows: Warning: URL: C:/Program Files/Git/bin/git.exe version
[2023.05.14-22.05.07:833][  0]LogWindows: Warning: CreateProc failed: The system cannot find the file specified. (0x00000002)
[2023.05.14-22.05.07:833][  0]LogWindows: Warning: URL: C:/Program Files (x86)/Git/bin/git.exe version
[2023.05.14-22.05.07:833][  0]LogWindows: Warning: CreateProc failed: The system cannot find the file specified. (0x00000002)
[2023.05.14-22.05.07:833][  0]LogWindows: Warning: URL: C:\Users\amir\AppData\Local/Programs/Git/cmd/git.exe version
[2023.05.14-22.05.07:833][  0]LogWindows: Warning: CreateProc failed: The system cannot find the file specified. (0x00000002)
[2023.05.14-22.05.07:833][  0]LogWindows: Warning: URL: C:/Program Files (x86)/SmartGit/git/bin/git.exe version
[2023.05.14-22.05.07:833][  0]LogWindows: Warning: CreateProc failed: The system cannot find the file specified. (0x00000002)
[2023.05.14-22.05.07:833][  0]LogWindows: Warning: URL: C:/Program Files (x86)/SmartGit/bin/git.exe version
[2023.05.14-22.05.07:834][  0]LogWindows: Warning: CreateProc failed: The system cannot find the file specified. (0x00000002)
[2023.05.14-22.05.07:834][  0]LogWindows: Warning: URL: C:\Users\amir\AppData\Local/Atlassian/SourceTree/git_local/bin/git.exe version
[2023.05.14-22.05.07:834][  0]LogWindows: Warning: CreateProc failed: The system cannot find the file specified. (0x00000002)
[2023.05.14-22.05.07:834][  0]LogWindows: Warning: URL: C:/Program Files (x86)/fournova/Tower/vendor/Git/bin/git.exe version
[2023.05.14-22.05.07:842][  0]LogWindows: Warning: CreateProc failed: The system cannot find the file specified. (0x00000002)
[2023.05.14-22.05.07:842][  0]LogWindows: Warning: URL: C:/Program Files/Git/bin/git.exe version
[2023.05.14-22.05.07:842][  0]LogWindows: Warning: CreateProc failed: The system cannot find the file specified. (0x00000002)
[2023.05.14-22.05.07:842][  0]LogWindows: Warning: URL: C:/Program Files (x86)/Git/bin/git.exe version
[2023.05.14-22.05.07:842][  0]LogWindows: Warning: CreateProc failed: The system cannot find the file specified. (0x00000002)
[2023.05.14-22.05.07:842][  0]LogWindows: Warning: URL: C:\Users\amir\AppData\Local/Programs/Git/cmd/git.exe version
[2023.05.14-22.05.07:843][  0]LogWindows: Warning: CreateProc failed: The system cannot find the file specified. (0x00000002)
[2023.05.14-22.05.07:843][  0]LogWindows: Warning: URL: C:/Program Files (x86)/SmartGit/git/bin/git.exe version
[2023.05.14-22.05.07:843][  0]LogWindows: Warning: CreateProc failed: The system cannot find the file specified. (0x00000002)
[2023.05.14-22.05.07:843][  0]LogWindows: Warning: URL: C:/Program Files (x86)/SmartGit/bin/git.exe version
[2023.05.14-22.05.07:843][  0]LogWindows: Warning: CreateProc failed: The system cannot find the file specified. (0x00000002)
[2023.05.14-22.05.07:843][  0]LogWindows: Warning: URL: C:\Users\amir\AppData\Local/Atlassian/SourceTree/git_local/bin/git.exe version
[2023.05.14-22.05.07:844][  0]LogWindows: Warning: CreateProc failed: The system cannot find the file specified. (0x00000002)
[2023.05.14-22.05.07:844][  0]LogWindows: Warning: URL: C:/Program Files (x86)/fournova/Tower/vendor/Git/bin/git.exe version
[2023.05.14-22.05.07:865][  0]LogWindows: Warning: CreateProc failed: The system cannot find the file specified. (0x00000002)
[2023.05.14-22.05.07:865][  0]LogWindows: Warning: URL: C:/Program Files/Git/bin/git.exe version
[2023.05.14-22.05.07:866][  0]LogWindows: Warning: CreateProc failed: The system cannot find the file specified. (0x00000002)
[2023.05.14-22.05.07:866][  0]LogWindows: Warning: URL: C:/Program Files (x86)/Git/bin/git.exe version
[2023.05.14-22.05.07:866][  0]LogWindows: Warning: CreateProc failed: The system cannot find the file specified. (0x00000002)
[2023.05.14-22.05.07:866][  0]LogWindows: Warning: URL: C:\Users\amir\AppData\Local/Programs/Git/cmd/git.exe version
[2023.05.14-22.05.07:866][  0]LogWindows: Warning: CreateProc failed: The system cannot find the file specified. (0x00000002)
[2023.05.14-22.05.07:866][  0]LogWindows: Warning: URL: C:/Program Files (x86)/SmartGit/git/bin/git.exe version
[2023.05.14-22.05.07:866][  0]LogWindows: Warning: CreateProc failed: The system cannot find the file specified. (0x00000002)
[2023.05.14-22.05.07:866][  0]LogWindows: Warning: URL: C:/Program Files (x86)/SmartGit/bin/git.exe version
[2023.05.14-22.05.07:867][  0]LogWindows: Warning: CreateProc failed: The system cannot find the file specified. (0x00000002)
[2023.05.14-22.05.07:867][  0]LogWindows: Warning: URL: C:\Users\amir\AppData\Local/Atlassian/SourceTree/git_local/bin/git.exe version
[2023.05.14-22.05.07:867][  0]LogWindows: Warning: CreateProc failed: The system cannot find the file specified. (0x00000002)
[2023.05.14-22.05.07:867][  0]LogWindows: Warning: URL: C:/Program Files (x86)/fournova/Tower/vendor/Git/bin/git.exe version
[2023.05.14-22.05.07:882][  0]LogUProjectInfo: Found projects:
[2023.05.14-22.05.08:336][  0]LogOpenImageDenoise: OIDN starting up
[2023.05.14-22.05.08:445][  0]LogAndroidPermission: UAndroidPermissionCallbackProxy::GetInstance
[2023.05.14-22.05.08:495][  0]LogAudioCaptureCore: Display: No Audio Capture implementations found. Audio input will be silent.
[2023.05.14-22.05.08:495][  0]LogAudioCaptureCore: Display: No Audio Capture implementations found. Audio input will be silent.
[2023.05.14-22.05.08:767][  0]LogCollectionManager: Loaded 0 collections in 0.001451 seconds
[2023.05.14-22.05.08:821][  0]LogFileCache: Scanning file cache for directory 'A:/ProjectAA/Pioneers/University 4.27/Saved/Collections/' took 0.00s
[2023.05.14-22.05.08:821][  0]LogFileCache: Scanning file cache for directory 'A:/ProjectAA/Pioneers/University 4.27/Content/Developers/amir/Collections/' took 0.00s
[2023.05.14-22.05.08:821][  0]LogFileCache: Scanning file cache for directory 'A:/ProjectAA/Pioneers/University 4.27/Content/Collections/' took 0.01s
[2023.05.14-22.05.08:821][  0]LogOcInput: OculusInput pre-init called
[2023.05.14-22.05.09:541][  0]LogEngine: Initializing Engine...
[2023.05.14-22.05.09:758][  0]LogHMD: Failed to enumerate extensions. Please check that you have a valid OpenXR runtime installed.
[2023.05.14-22.05.09:759][  0]LogHMD: Failed to initialize OpenVR with code 110
[2023.05.14-22.05.09:759][  0]LogMagicLeap: Warning: VR disabled because ZI is not enabled.  To enable, in the editor, Edit -> Project Settings -> Plugins -> Magic Leap Plugin -> Enable Zero Iteration
[2023.05.14-22.05.09:761][  0]LogStats: UGameplayTagsManager::InitializeManager -  0.000 s
[2023.05.14-22.05.10:077][  0]LogInit: Initializing FReadOnlyCVARCache
[2023.05.14-22.05.10:092][  0]LogAIModule: Creating AISystem for world Untitled
[2023.05.14-22.05.10:121][  0]LogAudio: Display: Initializing Audio Device Manager...
[2023.05.14-22.05.10:129][  0]LogAudio: Display: Loading Default Audio Settings Objects...
[2023.05.14-22.05.10:130][  0]LogAudio: Display: No default SoundConcurrencyObject specified (or failed to load).
[2023.05.14-22.05.10:131][  0]LogAudio: Display: Audio Device Manager Initialized
[2023.05.14-22.05.10:131][  0]LogAudio: Display: Creating Audio Device:                 Id: 1, Scope: Shared, Realtime: True
[2023.05.14-22.05.10:131][  0]LogAudioMixer: Display: Audio Mixer Platform Settings:
[2023.05.14-22.05.10:131][  0]LogAudioMixer: Display: 	Sample Rate:						  48000
[2023.05.14-22.05.10:131][  0]LogAudioMixer: Display: 	Callback Buffer Frame Size Requested: 1024
[2023.05.14-22.05.10:131][  0]LogAudioMixer: Display: 	Callback Buffer Frame Size To Use:	  1024
[2023.05.14-22.05.10:131][  0]LogAudioMixer: Display: 	Number of buffers to queue:			  2
[2023.05.14-22.05.10:131][  0]LogAudioMixer: Display: 	Max Channels (voices):				  32
[2023.05.14-22.05.10:132][  0]LogAudioMixer: Display: 	Number of Async Source Workers:		  0
[2023.05.14-22.05.10:132][  0]LogAudio: Display: AudioDevice MaxSources: 32
[2023.05.14-22.05.10:132][  0]LogAudio: Display: Audio Spatialization Plugin: None (built-in).
[2023.05.14-22.05.10:132][  0]LogAudio: Display: Audio Reverb Plugin: None (built-in).
[2023.05.14-22.05.10:132][  0]LogAudio: Display: Audio Occlusion Plugin: None (built-in).
[2023.05.14-22.05.10:132][  0]LogAudioMixer: Display: Initializing audio mixer.
[2023.05.14-22.05.10:151][  0]LogAudioMixer: Display: 0: FrontLeft
[2023.05.14-22.05.10:151][  0]LogAudioMixer: Display: 1: FrontRight
[2023.05.14-22.05.10:422][  0]LogAudioMixer: Display: Using Audio Device Speakers (Conexant SmartAudio HD)
[2023.05.14-22.05.10:428][  0]LogAudioMixer: Display: Initializing Sound Submixes...
[2023.05.14-22.05.10:435][  0]LogAudioMixer: Display: Creating Master Submix 'MasterSubmixDefault'
[2023.05.14-22.05.10:435][  0]LogAudioMixer: Display: Creating Master Submix 'MasterReverbSubmixDefault'
[2023.05.14-22.05.10:438][  0]LogAudioMixer: Display: Creating Master Submix 'MasterEQSubmixDefault'
[2023.05.14-22.05.10:439][  0]LogAudioMixer: FMixerPlatformXAudio2::StartAudioStream() called
[2023.05.14-22.05.10:439][  0]LogAudioMixer: Display: Output buffers initialized: Frames=1024, Channels=2, Samples=2048
[2023.05.14-22.05.10:440][  0]LogAudioMixer: Display: Starting AudioMixerPlatformInterface::RunInternal()
[2023.05.14-22.05.10:440][  0]LogAudioMixer: Display: FMixerPlatformXAudio2::SubmitBuffer() called for the first time
[2023.05.14-22.05.10:440][  0]LogInit: FAudioDevice initialized.
[2023.05.14-22.05.10:441][  0]LogAudio: Display: Audio Device (ID: 1) registered with world 'Untitled'.
[2023.05.14-22.05.10:441][  0]LogNetVersion: Set ProjectVersion to 1.0.0.0. Version Checksum will be recalculated on next use.
[2023.05.14-22.05.10:674][  0]LogDerivedDataCache: Saved boot cache 0.23s 94MB C:/Users/amir/AppData/Local/UnrealEngine/4.27/DerivedDataCache/Boot.ddc.
[2023.05.14-22.05.10:674][  0]LogInit: Texture streaming: Enabled
[2023.05.14-22.05.10:703][  0]LogAnalytics: Display: [UEEditor.Rocket.Release] APIServer = https://datarouter.ol.epicgames.com/. AppVersion = 4.27.2-18319896+++UE4+Release-4.27
[2023.05.14-22.05.10:710][  0]LogEngineSessionManager: EngineSessionManager initialized
[2023.05.14-22.05.10:710][  0]LogEditorSessionSummary: Verbose: Initializing EditorSessionSummaryWriter for editor session tracking
[2023.05.14-22.05.10:714][  0]LogEditorSessionSummary: EditorSessionSummaryWriter initialized
[2023.05.14-22.05.10:788][  0]LogInit: Transaction tracking system initialized
[2023.05.14-22.05.10:838][  0]BlueprintLog: New page: Editor Load
[2023.05.14-22.05.10:997][  0]LocalizationService: Localization service is disabled
[2023.05.14-22.05.11:057][  0]TimingProfiler: Initialize
[2023.05.14-22.05.11:057][  0]TimingProfiler: OnSessionChanged
[2023.05.14-22.05.11:057][  0]LoadingProfiler: Initialize
[2023.05.14-22.05.11:057][  0]LoadingProfiler: OnSessionChanged
[2023.05.14-22.05.11:057][  0]NetworkingProfiler: Initialize
[2023.05.14-22.05.11:057][  0]NetworkingProfiler: OnSessionChanged
[2023.05.14-22.05.11:057][  0]MemoryProfiler: Initialize
[2023.05.14-22.05.11:058][  0]MemoryProfiler: OnSessionChanged
[2023.05.14-22.05.11:556][  0]LogCook: Display: CookSettings for Memory: MemoryMaxUsedVirtual 0MiB, MemoryMaxUsedPhysical 16384MiB, MemoryMinFreeVirtual 0MiB, MemoryMinFreePhysical 1024MiB
[2023.05.14-22.05.11:556][  0]LogCook: Display: Mobile HDR setting 1
[2023.05.14-22.05.11:973][  0]LogFileCache: Scanning file cache for directory 'A:/ProjectAA/Pioneers/University 4.27/Content/' took 0.17s
[2023.05.14-22.05.12:653][  0]LogInit: Display: Engine is initialized. Leaving FEngineLoop::Init()
[2023.05.14-22.05.12:659][  0]LogWindows: Warning: CreateProc failed: The system cannot find the file specified. (0x00000002)
[2023.05.14-22.05.12:659][  0]LogWindows: Warning: URL: C:/Program Files/Git/bin/git.exe version
[2023.05.14-22.05.12:659][  0]LogWindows: Warning: CreateProc failed: The system cannot find the file specified. (0x00000002)
[2023.05.14-22.05.12:659][  0]LogWindows: Warning: URL: C:/Program Files (x86)/Git/bin/git.exe version
[2023.05.14-22.05.12:660][  0]LogWindows: Warning: CreateProc failed: The system cannot find the file specified. (0x00000002)
[2023.05.14-22.05.12:660][  0]LogWindows: Warning: URL: C:\Users\amir\AppData\Local/Programs/Git/cmd/git.exe version
[2023.05.14-22.05.12:660][  0]LogWindows: Warning: CreateProc failed: The system cannot find the file specified. (0x00000002)
[2023.05.14-22.05.12:660][  0]LogWindows: Warning: URL: C:/Program Files (x86)/SmartGit/git/bin/git.exe version
[2023.05.14-22.05.12:661][  0]LogWindows: Warning: CreateProc failed: The system cannot find the file specified. (0x00000002)
[2023.05.14-22.05.12:661][  0]LogWindows: Warning: URL: C:/Program Files (x86)/SmartGit/bin/git.exe version
[2023.05.14-22.05.12:661][  0]LogWindows: Warning: CreateProc failed: The system cannot find the file specified. (0x00000002)
[2023.05.14-22.05.12:661][  0]LogWindows: Warning: URL: C:\Users\amir\AppData\Local/Atlassian/SourceTree/git_local/bin/git.exe version
[2023.05.14-22.05.12:661][  0]LogWindows: Warning: CreateProc failed: The system cannot find the file specified. (0x00000002)
[2023.05.14-22.05.12:661][  0]LogWindows: Warning: URL: C:/Program Files (x86)/fournova/Tower/vendor/Git/bin/git.exe version
[2023.05.14-22.05.12:662][  0]LogUnrealEdMisc: Loading editor; pre map load, took 18.233
[2023.05.14-22.05.12:662][  0]Cmd: MAP LOAD FILE="../../../../../../ProjectAA/Pioneers/University 4.27/Content/StarterContent/Maps/Minimal_Default.umap" TEMPLATE=0 SHOWPROGRESS=1 FEATURELEVEL=3
[2023.05.14-22.05.12:673][  0]LightingResults: New page: Lighting Build
[2023.05.14-22.05.12:675][  0]LogWorld: UWorld::CleanupWorld for Untitled, bSessionEnded=true, bCleanupResources=true
[2023.05.14-22.05.12:675][  0]LogSlate: InvalidateAllWidgets triggered.  All widgets were invalidated
[2023.05.14-22.05.12:676][  0]MapCheck: New page: Map Check
[2023.05.14-22.05.12:676][  0]LightingResults: New page: Lighting Build
[2023.05.14-22.05.12:801][  0]LogAudio: Display: Audio Device unregistered from world 'None'.
[2023.05.14-22.05.12:806][  0]LogUObjectHash: Compacting FUObjectHashTables data took   1.56ms
[2023.05.14-22.05.18:494][  0]LogAudio: Display: Audio Device (ID: 1) registered with world 'Minimal_Default'.
[2023.05.14-22.05.18:496][  0]LogAIModule: Creating AISystem for world Minimal_Default
[2023.05.14-22.05.19:347][  0]LogEditorServer: Finished looking for orphan Actors (0.000 secs)
[2023.05.14-22.05.19:425][  0]LogUObjectHash: Compacting FUObjectHashTables data took   1.87ms
[2023.05.14-22.05.19:426][  0]Cmd: MAP CHECKDEP NOCLEARLOG
[2023.05.14-22.05.19:426][  0]MapCheck: Map check complete: 0 Error(s), 0 Warning(s), took 0.225ms to complete.
[2023.05.14-22.05.19:426][  0]LogFileHelpers: Loading map 'Minimal_Default' took 6.765
[2023.05.14-22.05.19:430][  0]LogUnrealEdMisc: Total Editor Startup Time, took 25.002
[2023.05.14-22.05.20:608][  0]LogSlate: Updating window title bar state: overlay mode, drag disabled, window buttons hidden, title bar hidden
[2023.05.14-22.05.20:614][  0]LogSlate: Updating window title bar state: overlay mode, drag disabled, window buttons hidden, title bar hidden
[2023.05.14-22.05.20:634][  0]LogSlate: Updating window title bar state: overlay mode, drag disabled, window buttons hidden, title bar hidden
[2023.05.14-22.05.20:645][  0]LogSlate: Updating window title bar state: overlay mode, drag disabled, window buttons hidden, title bar hidden
[2023.05.14-22.05.20:681][  0]LogNativeClassHierarchy: Verbose: Native class hierarchy populated in 0.0176 seconds. Added 3822 classes and 928 folders.
[2023.05.14-22.05.20:685][  0]LogNativeClassHierarchy: Verbose: Native class hierarchy updated for 'WidgetCarousel' in 0.0004 seconds. Added 0 classes and 0 folders.
[2023.05.14-22.05.20:795][  0]LogPakFile: PakFile PrimaryIndexSize=187
[2023.05.14-22.05.20:795][  0]LogPakFile: PakFile PathHashIndexSize=101
[2023.05.14-22.05.20:795][  0]LogPakFile: PakFile FullDirectoryIndexSize=148
[2023.05.14-22.05.20:795][  0]LogShaderLibrary: Display: ShaderCodeLibraryPakFileMountedCallback: PakFile 'A:/APPS/unreal4.27/UE_4.27/FeaturePacks/FP_FirstPerson.upack' (chunk index -1, root 'root:/') mounted
[2023.05.14-22.05.20:795][  0]LogShaderLibrary: Display: ShaderCodeLibraryPakFileMountedCallback: pending pak file info (ChunkID:-1 Root:root:/ File:A:/APPS/unreal4.27/UE_4.27/FeaturePacks/FP_FirstPerson.upack)
[2023.05.14-22.05.20:795][  0]LogPakFile: OnPakFileMounted2Time == 0.000115
[2023.05.14-22.05.20:813][  0]LogPakFile: PakFile PrimaryIndexSize=189
[2023.05.14-22.05.20:813][  0]LogPakFile: PakFile PathHashIndexSize=101
[2023.05.14-22.05.20:813][  0]LogPakFile: PakFile FullDirectoryIndexSize=152
[2023.05.14-22.05.20:813][  0]LogShaderLibrary: Display: ShaderCodeLibraryPakFileMountedCallback: PakFile 'A:/APPS/unreal4.27/UE_4.27/FeaturePacks/FP_FirstPersonBP.upack' (chunk index -1, root 'root:/') mounted
[2023.05.14-22.05.20:813][  0]LogShaderLibrary: Display: ShaderCodeLibraryPakFileMountedCallback: pending pak file info (ChunkID:-1 Root:root:/ File:A:/APPS/unreal4.27/UE_4.27/FeaturePacks/FP_FirstPersonBP.upack)
[2023.05.14-22.05.20:813][  0]LogPakFile: OnPakFileMounted2Time == 0.000091
[2023.05.14-22.05.20:829][  0]LogPakFile: PakFile PrimaryIndexSize=191
[2023.05.14-22.05.20:829][  0]LogPakFile: PakFile PathHashIndexSize=101
[2023.05.14-22.05.20:829][  0]LogPakFile: PakFile FullDirectoryIndexSize=160
[2023.05.14-22.05.20:829][  0]LogShaderLibrary: Display: ShaderCodeLibraryPakFileMountedCallback: PakFile 'A:/APPS/unreal4.27/UE_4.27/FeaturePacks/MobileStarterContent.upack' (chunk index -1, root 'root:/') mounted
[2023.05.14-22.05.20:829][  0]LogShaderLibrary: Display: ShaderCodeLibraryPakFileMountedCallback: pending pak file info (ChunkID:-1 Root:root:/ File:A:/APPS/unreal4.27/UE_4.27/FeaturePacks/MobileStarterContent.upack)
[2023.05.14-22.05.20:829][  0]LogPakFile: OnPakFileMounted2Time == 0.000074
[2023.05.14-22.05.20:845][  0]LogPakFile: PakFile PrimaryIndexSize=185
[2023.05.14-22.05.20:845][  0]LogPakFile: PakFile PathHashIndexSize=101
[2023.05.14-22.05.20:845][  0]LogPakFile: PakFile FullDirectoryIndexSize=148
[2023.05.14-22.05.20:845][  0]LogShaderLibrary: Display: ShaderCodeLibraryPakFileMountedCallback: PakFile 'A:/APPS/unreal4.27/UE_4.27/FeaturePacks/StarterContent.upack' (chunk index -1, root 'root:/') mounted
[2023.05.14-22.05.20:845][  0]LogShaderLibrary: Display: ShaderCodeLibraryPakFileMountedCallback: pending pak file info (ChunkID:-1 Root:root:/ File:A:/APPS/unreal4.27/UE_4.27/FeaturePacks/StarterContent.upack)
[2023.05.14-22.05.20:845][  0]LogPakFile: OnPakFileMounted2Time == 0.000091
[2023.05.14-22.05.20:859][  0]LogPakFile: PakFile PrimaryIndexSize=190
[2023.05.14-22.05.20:859][  0]LogPakFile: PakFile PathHashIndexSize=101
[2023.05.14-22.05.20:859][  0]LogPakFile: PakFile FullDirectoryIndexSize=154
[2023.05.14-22.05.20:859][  0]LogShaderLibrary: Display: ShaderCodeLibraryPakFileMountedCallback: PakFile 'A:/APPS/unreal4.27/UE_4.27/FeaturePacks/TP_2DSideScroller.upack' (chunk index -1, root 'root:/') mounted
[2023.05.14-22.05.20:859][  0]LogShaderLibrary: Display: ShaderCodeLibraryPakFileMountedCallback: pending pak file info (ChunkID:-1 Root:root:/ File:A:/APPS/unreal4.27/UE_4.27/FeaturePacks/TP_2DSideScroller.upack)
[2023.05.14-22.05.20:860][  0]LogPakFile: OnPakFileMounted2Time == 0.000103
[2023.05.14-22.05.20:874][  0]LogPakFile: PakFile PrimaryIndexSize=192
[2023.05.14-22.05.20:874][  0]LogPakFile: PakFile PathHashIndexSize=101
[2023.05.14-22.05.20:875][  0]LogPakFile: PakFile FullDirectoryIndexSize=158
[2023.05.14-22.05.20:875][  0]LogShaderLibrary: Display: ShaderCodeLibraryPakFileMountedCallback: PakFile 'A:/APPS/unreal4.27/UE_4.27/FeaturePacks/TP_2DSideScrollerBP.upack' (chunk index -1, root 'root:/') mounted
[2023.05.14-22.05.20:875][  0]LogShaderLibrary: Display: ShaderCodeLibraryPakFileMountedCallback: pending pak file info (ChunkID:-1 Root:root:/ File:A:/APPS/unreal4.27/UE_4.27/FeaturePacks/TP_2DSideScrollerBP.upack)
[2023.05.14-22.05.20:875][  0]LogPakFile: OnPakFileMounted2Time == 0.000078
[2023.05.14-22.05.20:888][  0]LogPakFile: PakFile PrimaryIndexSize=182
[2023.05.14-22.05.20:889][  0]LogPakFile: PakFile PathHashIndexSize=101
[2023.05.14-22.05.20:889][  0]LogPakFile: PakFile FullDirectoryIndexSize=138
[2023.05.14-22.05.20:889][  0]LogShaderLibrary: Display: ShaderCodeLibraryPakFileMountedCallback: PakFile 'A:/APPS/unreal4.27/UE_4.27/FeaturePacks/TP_Flying.upack' (chunk index -1, root 'root:/') mounted
[2023.05.14-22.05.20:889][  0]LogShaderLibrary: Display: ShaderCodeLibraryPakFileMountedCallback: pending pak file info (ChunkID:-1 Root:root:/ File:A:/APPS/unreal4.27/UE_4.27/FeaturePacks/TP_Flying.upack)
[2023.05.14-22.05.20:889][  0]LogPakFile: OnPakFileMounted2Time == 0.000080
[2023.05.14-22.05.20:912][  0]LogPakFile: PakFile PrimaryIndexSize=184
[2023.05.14-22.05.20:913][  0]LogPakFile: PakFile PathHashIndexSize=101
[2023.05.14-22.05.20:913][  0]LogPakFile: PakFile FullDirectoryIndexSize=142
[2023.05.14-22.05.20:913][  0]LogShaderLibrary: Display: ShaderCodeLibraryPakFileMountedCallback: PakFile 'A:/APPS/unreal4.27/UE_4.27/FeaturePacks/TP_FlyingBP.upack' (chunk index -1, root 'root:/') mounted
[2023.05.14-22.05.20:913][  0]LogShaderLibrary: Display: ShaderCodeLibraryPakFileMountedCallback: pending pak file info (ChunkID:-1 Root:root:/ File:A:/APPS/unreal4.27/UE_4.27/FeaturePacks/TP_FlyingBP.upack)
[2023.05.14-22.05.20:913][  0]LogPakFile: OnPakFileMounted2Time == 0.000075
[2023.05.14-22.05.20:931][  0]LogPakFile: PakFile PrimaryIndexSize=188
[2023.05.14-22.05.20:931][  0]LogPakFile: PakFile PathHashIndexSize=101
[2023.05.14-22.05.20:931][  0]LogPakFile: PakFile FullDirectoryIndexSize=150
[2023.05.14-22.05.20:931][  0]LogShaderLibrary: Display: ShaderCodeLibraryPakFileMountedCallback: PakFile 'A:/APPS/unreal4.27/UE_4.27/FeaturePacks/TP_HandheldARBP.upack' (chunk index -1, root 'root:/') mounted
[2023.05.14-22.05.20:931][  0]LogShaderLibrary: Display: ShaderCodeLibraryPakFileMountedCallback: pending pak file info (ChunkID:-1 Root:root:/ File:A:/APPS/unreal4.27/UE_4.27/FeaturePacks/TP_HandheldARBP.upack)
[2023.05.14-22.05.20:931][  0]LogPakFile: OnPakFileMounted2Time == 0.000078
[2023.05.14-22.05.20:946][  0]LogPakFile: PakFile PrimaryIndexSize=182
[2023.05.14-22.05.20:946][  0]LogPakFile: PakFile PathHashIndexSize=101
[2023.05.14-22.05.20:946][  0]LogPakFile: PakFile FullDirectoryIndexSize=138
[2023.05.14-22.05.20:946][  0]LogShaderLibrary: Display: ShaderCodeLibraryPakFileMountedCallback: PakFile 'A:/APPS/unreal4.27/UE_4.27/FeaturePacks/TP_Puzzle.upack' (chunk index -1, root 'root:/') mounted
[2023.05.14-22.05.20:946][  0]LogShaderLibrary: Display: ShaderCodeLibraryPakFileMountedCallback: pending pak file info (ChunkID:-1 Root:root:/ File:A:/APPS/unreal4.27/UE_4.27/FeaturePacks/TP_Puzzle.upack)
[2023.05.14-22.05.20:946][  0]LogPakFile: OnPakFileMounted2Time == 0.000075
[2023.05.14-22.05.20:964][  0]LogPakFile: PakFile PrimaryIndexSize=184
[2023.05.14-22.05.20:964][  0]LogPakFile: PakFile PathHashIndexSize=101
[2023.05.14-22.05.20:964][  0]LogPakFile: PakFile FullDirectoryIndexSize=142
[2023.05.14-22.05.20:964][  0]LogShaderLibrary: Display: ShaderCodeLibraryPakFileMountedCallback: PakFile 'A:/APPS/unreal4.27/UE_4.27/FeaturePacks/TP_PuzzleBP.upack' (chunk index -1, root 'root:/') mounted
[2023.05.14-22.05.20:964][  0]LogShaderLibrary: Display: ShaderCodeLibraryPakFileMountedCallback: pending pak file info (ChunkID:-1 Root:root:/ File:A:/APPS/unreal4.27/UE_4.27/FeaturePacks/TP_PuzzleBP.upack)
[2023.05.14-22.05.20:964][  0]LogPakFile: OnPakFileMounted2Time == 0.000072
[2023.05.14-22.05.20:978][  0]LogPakFile: PakFile PrimaryIndexSize=183
[2023.05.14-22.05.20:978][  0]LogPakFile: PakFile PathHashIndexSize=101
[2023.05.14-22.05.20:978][  0]LogPakFile: PakFile FullDirectoryIndexSize=140
[2023.05.14-22.05.20:978][  0]LogShaderLibrary: Display: ShaderCodeLibraryPakFileMountedCallback: PakFile 'A:/APPS/unreal4.27/UE_4.27/FeaturePacks/TP_Rolling.upack' (chunk index -1, root 'root:/') mounted
[2023.05.14-22.05.20:978][  0]LogShaderLibrary: Display: ShaderCodeLibraryPakFileMountedCallback: pending pak file info (ChunkID:-1 Root:root:/ File:A:/APPS/unreal4.27/UE_4.27/FeaturePacks/TP_Rolling.upack)
[2023.05.14-22.05.20:979][  0]LogPakFile: OnPakFileMounted2Time == 0.000084
[2023.05.14-22.05.20:993][  0]LogPakFile: PakFile PrimaryIndexSize=185
[2023.05.14-22.05.20:993][  0]LogPakFile: PakFile PathHashIndexSize=101
[2023.05.14-22.05.20:993][  0]LogPakFile: PakFile FullDirectoryIndexSize=144
[2023.05.14-22.05.20:993][  0]LogShaderLibrary: Display: ShaderCodeLibraryPakFileMountedCallback: PakFile 'A:/APPS/unreal4.27/UE_4.27/FeaturePacks/TP_RollingBP.upack' (chunk index -1, root 'root:/') mounted
[2023.05.14-22.05.20:993][  0]LogShaderLibrary: Display: ShaderCodeLibraryPakFileMountedCallback: pending pak file info (ChunkID:-1 Root:root:/ File:A:/APPS/unreal4.27/UE_4.27/FeaturePacks/TP_RollingBP.upack)
[2023.05.14-22.05.20:993][  0]LogPakFile: OnPakFileMounted2Time == 0.000075
[2023.05.14-22.05.21:007][  0]LogPakFile: PakFile PrimaryIndexSize=188
[2023.05.14-22.05.21:007][  0]LogPakFile: PakFile PathHashIndexSize=101
[2023.05.14-22.05.21:007][  0]LogPakFile: PakFile FullDirectoryIndexSize=150
[2023.05.14-22.05.21:007][  0]LogShaderLibrary: Display: ShaderCodeLibraryPakFileMountedCallback: PakFile 'A:/APPS/unreal4.27/UE_4.27/FeaturePacks/TP_SideScroller.upack' (chunk index -1, root 'root:/') mounted
[2023.05.14-22.05.21:007][  0]LogShaderLibrary: Display: ShaderCodeLibraryPakFileMountedCallback: pending pak file info (ChunkID:-1 Root:root:/ File:A:/APPS/unreal4.27/UE_4.27/FeaturePacks/TP_SideScroller.upack)
[2023.05.14-22.05.21:007][  0]LogPakFile: OnPakFileMounted2Time == 0.000071
[2023.05.14-22.05.21:024][  0]LogPakFile: PakFile PrimaryIndexSize=190
[2023.05.14-22.05.21:024][  0]LogPakFile: PakFile PathHashIndexSize=101
[2023.05.14-22.05.21:024][  0]LogPakFile: PakFile FullDirectoryIndexSize=154
[2023.05.14-22.05.21:024][  0]LogShaderLibrary: Display: ShaderCodeLibraryPakFileMountedCallback: PakFile 'A:/APPS/unreal4.27/UE_4.27/FeaturePacks/TP_SideScrollerBP.upack' (chunk index -1, root 'root:/') mounted
[2023.05.14-22.05.21:024][  0]LogShaderLibrary: Display: ShaderCodeLibraryPakFileMountedCallback: pending pak file info (ChunkID:-1 Root:root:/ File:A:/APPS/unreal4.27/UE_4.27/FeaturePacks/TP_SideScrollerBP.upack)
[2023.05.14-22.05.21:024][  0]LogPakFile: OnPakFileMounted2Time == 0.000073
[2023.05.14-22.05.21:036][  0]LogPakFile: PakFile PrimaryIndexSize=187
[2023.05.14-22.05.21:036][  0]LogPakFile: PakFile PathHashIndexSize=101
[2023.05.14-22.05.21:036][  0]LogPakFile: PakFile FullDirectoryIndexSize=148
[2023.05.14-22.05.21:036][  0]LogShaderLibrary: Display: ShaderCodeLibraryPakFileMountedCallback: PakFile 'A:/APPS/unreal4.27/UE_4.27/FeaturePacks/TP_ThirdPerson.upack' (chunk index -1, root 'root:/') mounted
[2023.05.14-22.05.21:036][  0]LogShaderLibrary: Display: ShaderCodeLibraryPakFileMountedCallback: pending pak file info (ChunkID:-1 Root:root:/ File:A:/APPS/unreal4.27/UE_4.27/FeaturePacks/TP_ThirdPerson.upack)
[2023.05.14-22.05.21:036][  0]LogPakFile: OnPakFileMounted2Time == 0.000072
[2023.05.14-22.05.21:051][  0]LogPakFile: PakFile PrimaryIndexSize=189
[2023.05.14-22.05.21:051][  0]LogPakFile: PakFile PathHashIndexSize=101
[2023.05.14-22.05.21:051][  0]LogPakFile: PakFile FullDirectoryIndexSize=152
[2023.05.14-22.05.21:051][  0]LogShaderLibrary: Display: ShaderCodeLibraryPakFileMountedCallback: PakFile 'A:/APPS/unreal4.27/UE_4.27/FeaturePacks/TP_ThirdPersonBP.upack' (chunk index -1, root 'root:/') mounted
[2023.05.14-22.05.21:051][  0]LogShaderLibrary: Display: ShaderCodeLibraryPakFileMountedCallback: pending pak file info (ChunkID:-1 Root:root:/ File:A:/APPS/unreal4.27/UE_4.27/FeaturePacks/TP_ThirdPersonBP.upack)
[2023.05.14-22.05.21:051][  0]LogPakFile: OnPakFileMounted2Time == 0.000073
[2023.05.14-22.05.21:066][  0]LogPakFile: PakFile PrimaryIndexSize=183
[2023.05.14-22.05.21:066][  0]LogPakFile: PakFile PathHashIndexSize=101
[2023.05.14-22.05.21:066][  0]LogPakFile: PakFile FullDirectoryIndexSize=140
[2023.05.14-22.05.21:066][  0]LogShaderLibrary: Display: ShaderCodeLibraryPakFileMountedCallback: PakFile 'A:/APPS/unreal4.27/UE_4.27/FeaturePacks/TP_TopDown.upack' (chunk index -1, root 'root:/') mounted
[2023.05.14-22.05.21:066][  0]LogShaderLibrary: Display: ShaderCodeLibraryPakFileMountedCallback: pending pak file info (ChunkID:-1 Root:root:/ File:A:/APPS/unreal4.27/UE_4.27/FeaturePacks/TP_TopDown.upack)
[2023.05.14-22.05.21:066][  0]LogPakFile: OnPakFileMounted2Time == 0.000090
[2023.05.14-22.05.21:087][  0]LogPakFile: PakFile PrimaryIndexSize=185
[2023.05.14-22.05.21:087][  0]LogPakFile: PakFile PathHashIndexSize=101
[2023.05.14-22.05.21:087][  0]LogPakFile: PakFile FullDirectoryIndexSize=144
[2023.05.14-22.05.21:087][  0]LogShaderLibrary: Display: ShaderCodeLibraryPakFileMountedCallback: PakFile 'A:/APPS/unreal4.27/UE_4.27/FeaturePacks/TP_TopDownBP.upack' (chunk index -1, root 'root:/') mounted
[2023.05.14-22.05.21:087][  0]LogShaderLibrary: Display: ShaderCodeLibraryPakFileMountedCallback: pending pak file info (ChunkID:-1 Root:root:/ File:A:/APPS/unreal4.27/UE_4.27/FeaturePacks/TP_TopDownBP.upack)
[2023.05.14-22.05.21:087][  0]LogPakFile: OnPakFileMounted2Time == 0.000073
[2023.05.14-22.05.21:109][  0]LogPakFile: PakFile PrimaryIndexSize=185
[2023.05.14-22.05.21:109][  0]LogPakFile: PakFile PathHashIndexSize=101
[2023.05.14-22.05.21:109][  0]LogPakFile: PakFile FullDirectoryIndexSize=144
[2023.05.14-22.05.21:109][  0]LogShaderLibrary: Display: ShaderCodeLibraryPakFileMountedCallback: PakFile 'A:/APPS/unreal4.27/UE_4.27/FeaturePacks/TP_TwinStick.upack' (chunk index -1, root 'root:/') mounted
[2023.05.14-22.05.21:109][  0]LogShaderLibrary: Display: ShaderCodeLibraryPakFileMountedCallback: pending pak file info (ChunkID:-1 Root:root:/ File:A:/APPS/unreal4.27/UE_4.27/FeaturePacks/TP_TwinStick.upack)
[2023.05.14-22.05.21:109][  0]LogPakFile: OnPakFileMounted2Time == 0.000078
[2023.05.14-22.05.21:125][  0]LogPakFile: PakFile PrimaryIndexSize=187
[2023.05.14-22.05.21:125][  0]LogPakFile: PakFile PathHashIndexSize=101
[2023.05.14-22.05.21:125][  0]LogPakFile: PakFile FullDirectoryIndexSize=148
[2023.05.14-22.05.21:125][  0]LogShaderLibrary: Display: ShaderCodeLibraryPakFileMountedCallback: PakFile 'A:/APPS/unreal4.27/UE_4.27/FeaturePacks/TP_TwinStickBP.upack' (chunk index -1, root 'root:/') mounted
[2023.05.14-22.05.21:125][  0]LogShaderLibrary: Display: ShaderCodeLibraryPakFileMountedCallback: pending pak file info (ChunkID:-1 Root:root:/ File:A:/APPS/unreal4.27/UE_4.27/FeaturePacks/TP_TwinStickBP.upack)
[2023.05.14-22.05.21:125][  0]LogPakFile: OnPakFileMounted2Time == 0.000076
[2023.05.14-22.05.21:141][  0]LogPakFile: PakFile PrimaryIndexSize=183
[2023.05.14-22.05.21:141][  0]LogPakFile: PakFile PathHashIndexSize=101
[2023.05.14-22.05.21:141][  0]LogPakFile: PakFile FullDirectoryIndexSize=140
[2023.05.14-22.05.21:141][  0]LogShaderLibrary: Display: ShaderCodeLibraryPakFileMountedCallback: PakFile 'A:/APPS/unreal4.27/UE_4.27/FeaturePacks/TP_Vehicle.upack' (chunk index -1, root 'root:/') mounted
[2023.05.14-22.05.21:141][  0]LogShaderLibrary: Display: ShaderCodeLibraryPakFileMountedCallback: pending pak file info (ChunkID:-1 Root:root:/ File:A:/APPS/unreal4.27/UE_4.27/FeaturePacks/TP_Vehicle.upack)
[2023.05.14-22.05.21:141][  0]LogPakFile: OnPakFileMounted2Time == 0.000072
[2023.05.14-22.05.21:159][  0]LogPakFile: PakFile PrimaryIndexSize=186
[2023.05.14-22.05.21:159][  0]LogPakFile: PakFile PathHashIndexSize=101
[2023.05.14-22.05.21:159][  0]LogPakFile: PakFile FullDirectoryIndexSize=146
[2023.05.14-22.05.21:159][  0]LogShaderLibrary: Display: ShaderCodeLibraryPakFileMountedCallback: PakFile 'A:/APPS/unreal4.27/UE_4.27/FeaturePacks/TP_VehicleAdv.upack' (chunk index -1, root 'root:/') mounted
[2023.05.14-22.05.21:159][  0]LogShaderLibrary: Display: ShaderCodeLibraryPakFileMountedCallback: pending pak file info (ChunkID:-1 Root:root:/ File:A:/APPS/unreal4.27/UE_4.27/FeaturePacks/TP_VehicleAdv.upack)
[2023.05.14-22.05.21:159][  0]LogPakFile: OnPakFileMounted2Time == 0.000075
[2023.05.14-22.05.21:173][  0]LogPakFile: PakFile PrimaryIndexSize=188
[2023.05.14-22.05.21:173][  0]LogPakFile: PakFile PathHashIndexSize=101
[2023.05.14-22.05.21:173][  0]LogPakFile: PakFile FullDirectoryIndexSize=150
[2023.05.14-22.05.21:173][  0]LogShaderLibrary: Display: ShaderCodeLibraryPakFileMountedCallback: PakFile 'A:/APPS/unreal4.27/UE_4.27/FeaturePacks/TP_VehicleAdvBP.upack' (chunk index -1, root 'root:/') mounted
[2023.05.14-22.05.21:173][  0]LogShaderLibrary: Display: ShaderCodeLibraryPakFileMountedCallback: pending pak file info (ChunkID:-1 Root:root:/ File:A:/APPS/unreal4.27/UE_4.27/FeaturePacks/TP_VehicleAdvBP.upack)
[2023.05.14-22.05.21:173][  0]LogPakFile: OnPakFileMounted2Time == 0.000073
[2023.05.14-22.05.21:188][  0]LogPakFile: PakFile PrimaryIndexSize=185
[2023.05.14-22.05.21:188][  0]LogPakFile: PakFile PathHashIndexSize=101
[2023.05.14-22.05.21:188][  0]LogPakFile: PakFile FullDirectoryIndexSize=144
[2023.05.14-22.05.21:188][  0]LogShaderLibrary: Display: ShaderCodeLibraryPakFileMountedCallback: PakFile 'A:/APPS/unreal4.27/UE_4.27/FeaturePacks/TP_VehicleBP.upack' (chunk index -1, root 'root:/') mounted
[2023.05.14-22.05.21:188][  0]LogShaderLibrary: Display: ShaderCodeLibraryPakFileMountedCallback: pending pak file info (ChunkID:-1 Root:root:/ File:A:/APPS/unreal4.27/UE_4.27/FeaturePacks/TP_VehicleBP.upack)
[2023.05.14-22.05.21:188][  0]LogPakFile: OnPakFileMounted2Time == 0.000080
[2023.05.14-22.05.21:218][  0]LogPakFile: PakFile PrimaryIndexSize=192
[2023.05.14-22.05.21:218][  0]LogPakFile: PakFile PathHashIndexSize=101
[2023.05.14-22.05.21:218][  0]LogPakFile: PakFile FullDirectoryIndexSize=158
[2023.05.14-22.05.21:218][  0]LogShaderLibrary: Display: ShaderCodeLibraryPakFileMountedCallback: PakFile 'A:/APPS/unreal4.27/UE_4.27/FeaturePacks/TP_VirtualRealityBP.upack' (chunk index -1, root 'root:/') mounted
[2023.05.14-22.05.21:218][  0]LogShaderLibrary: Display: ShaderCodeLibraryPakFileMountedCallback: pending pak file info (ChunkID:-1 Root:root:/ File:A:/APPS/unreal4.27/UE_4.27/FeaturePacks/TP_VirtualRealityBP.upack)
[2023.05.14-22.05.21:218][  0]LogPakFile: OnPakFileMounted2Time == 0.000073
[2023.05.14-22.05.22:311][  0]LogNativeClassHierarchy: Verbose: Native class hierarchy updated for 'AddContentDialog' in 0.0005 seconds. Added 0 classes and 0 folders.
[2023.05.14-22.05.22:313][  0]LogNativeClassHierarchy: Verbose: Native class hierarchy updated for 'SceneOutliner' in 0.0005 seconds. Added 2 classes and 0 folders.
[2023.05.14-22.05.22:500][  0]LogSlate: Took 0.000493 seconds to synchronously load lazily loaded font '../../../Engine/Content/Slate/Fonts/Roboto-Regular.ttf' (155K)
[2023.05.14-22.05.22:510][  0]LogSlate: Took 0.008642 seconds to synchronously load lazily loaded font '../../../Engine/Content/Editor/Slate/Fonts/FontAwesome.ttf' (139K)
[2023.05.14-22.05.22:512][  0]LogSlate: Took 0.000415 seconds to synchronously load lazily loaded font '../../../Engine/Content/Slate/Fonts/Roboto-Bold.ttf' (160K)
[2023.05.14-22.05.22:873][  0]LogNativeClassHierarchy: Verbose: Native class hierarchy updated for 'HierarchicalLODOutliner' in 0.0004 seconds. Added 0 classes and 0 folders.
[2023.05.14-22.05.22:873][  0]LogLoad: (Engine Initialization) Total time: 28.44 seconds
[2023.05.14-22.05.22:873][  0]LogLoad: (Engine Initialization) Total Blueprint compile time: 0.00 seconds
[2023.05.14-22.05.22:959][  0]LogContentStreaming: Texture pool size now 1000 MB
[2023.05.14-22.05.23:147][  1]LogRenderer: Reallocating scene render targets to support 964x88 Format 10 NumSamples 1 (Frame:1).
[2023.05.14-22.05.23:178][  1]LogAssetRegistry: Asset discovery search completed in 20.0474 seconds
[2023.05.14-22.05.23:193][  1]LogCollectionManager: Fixed up redirectors for 0 collections in 0.000007 seconds (updated 0 objects)
[2023.05.14-22.05.23:555][  2]LogRenderer: Reallocating scene render targets to support 964x128 Format 10 NumSamples 1 (Frame:1).
[2023.05.14-22.05.23:555][  2]LogSlate: Took 0.029370 seconds to synchronously load lazily loaded font '../../../Engine/Content/Slate/Fonts/Roboto-Light.ttf' (167K)
[2023.05.14-22.05.28:286][  4]LogRenderer: Reallocating scene render targets to support 964x256 Format 10 NumSamples 1 (Frame:1).
[2023.05.14-22.05.55:631][284]LogRenderer: Reallocating scene render targets to support 964x272 Format 10 NumSamples 1 (Frame:213).
[2023.05.14-22.05.55:701][285]LogRenderer: Reallocating scene render targets to support 964x316 Format 10 NumSamples 1 (Frame:215).
[2023.05.14-22.05.55:771][286]LogRenderer: Reallocating scene render targets to support 964x356 Format 10 NumSamples 1 (Frame:217).
[2023.05.14-22.05.55:851][287]LogRenderer: Reallocating scene render targets to support 964x428 Format 10 NumSamples 1 (Frame:219).
[2023.05.14-22.05.55:943][288]LogRenderer: Reallocating scene render targets to support 964x496 Format 10 NumSamples 1 (Frame:221).
[2023.05.14-22.05.56:043][289]LogRenderer: Reallocating scene render targets to support 964x504 Format 10 NumSamples 1 (Frame:224).
